# JRE version: Java(TM) SE Runtime Environment (8.0_05-b13) (build 1.8.0_05-b13)
# Java VM: Java HotSpot(TM) Client VM (25.5-b02 mixed mode, sharing windows-x86 )
Heap:
 def new generation   total 7488K, used 1843K [0x04600000, 0x04e10000, 0x09b50000)
  eden space 6720K,  27% used [0x04600000, 0x047ccef8, 0x04c90000)
  from space 768K,   0% used [0x04c90000, 0x04c90000, 0x04d50000)
  to   space 768K,   0% used [0x04d50000, 0x04d50000, 0x04e10000)
 tenured generation   total 16384K, used 9828K [0x09b50000, 0x0ab50000, 0x14600000)
   the space 16384K,  59% used [0x09b50000, 0x0a4e9138, 0x0a4e9200, 0x0ab50000)
 Metaspace       used 2392K, capacity 2941K, committed 3008K, reserved 4480K
GC Heap History (10 events):
Event: 15.538 GC heap before
{Heap before GC invocations=8 (full 0):
 def new generation   total 4928K, used 3954K [0x04600000, 0x04b50000, 0x09b50000)
  eden space 4416K,  83% used [0x04600000, 0x049960e0, 0x04a50000)
  from space 512K,  55% used [0x04a50000, 0x04a96a30, 0x04ad0000)
  to   space 512K,   0% used [0x04ad0000, 0x04ad0000, 0x04b50000)
 tenured generation   total 10944K, used 9520K [0x09b50000, 0x0a600000, 0x14600000)
   the space 10944K,  86% used [0x09b50000, 0x0a49c378, 0x0a49c400, 0x0a600000)
 Metaspace       used 2394K, capacity 2944K, committed 3008K, reserved 4480K
Event: 15.539 GC heap after
Heap after GC invocations=9 (full 0):
 def new generation   total 4928K, used 87K [0x04600000, 0x04b50000, 0x09b50000)
  eden space 4416K,   0% used [0x04600000, 0x04600000, 0x04a50000)
  from space 512K,  17% used [0x04ad0000, 0x04ae5e40, 0x04b50000)
  to   space 512K,   0% used [0x04a50000, 0x04a50000, 0x04ad0000)
 tenured generation   total 10944K, used 10457K [0x09b50000, 0x0a600000, 0x14600000)
   the space 10944K,  95% used [0x09b50000, 0x0a586428, 0x0a586600, 0x0a600000)
 Metaspace       used 2394K, capacity 2944K, committed 3008K, reserved 4480K
}
Event: 16.098 GC heap before
{Heap before GC invocations=9 (full 0):
 def new generation   total 4928K, used 3737K [0x04600000, 0x04b50000, 0x09b50000)
  eden space 4416K,  82% used [0x04600000, 0x049908a0, 0x04a50000)
  from space 512K,  17% used [0x04ad0000, 0x04ae5e40, 0x04b50000)
  to   space 512K,   0% used [0x04a50000, 0x04a50000, 0x04ad0000)
 tenured generation   total 10944K, used 10457K [0x09b50000, 0x0a600000, 0x14600000)
   the space 10944K,  95% used [0x09b50000, 0x0a586428, 0x0a586600, 0x0a600000)
 Metaspace       used 2394K, capacity 2944K, committed 3008K, reserved 4480K
Event: 16.113 GC heap after
Heap after GC invocations=10 (full 1):
 def new generation   total 6080K, used 0K [0x04600000, 0x04c90000, 0x09b50000)
  eden space 5440K,   0% used [0x04600000, 0x04600000, 0x04b50000)
  from space 640K,   0% used [0x04b50000, 0x04b50000, 0x04bf0000)
  to   space 640K,   0% used [0x04bf0000, 0x04bf0000, 0x04c90000)
 tenured generation   total 13328K, used 7995K [0x09b50000, 0x0a854000, 0x14600000)
   the space 13328K,  59% used [0x09b50000, 0x0a31ec70, 0x0a31ee00, 0x0a854000)
 Metaspace       used 2394K, capacity 2944K, committed 3008K, reserved 4480K
}
Event: 16.802 GC heap before
{Heap before GC invocations=10 (full 1):
 def new generation   total 6080K, used 4622K [0x04600000, 0x04c90000, 0x09b50000)
  eden space 5440K,  84% used [0x04600000, 0x04a838b8, 0x04b50000)
  from space 640K,   0% used [0x04b50000, 0x04b50000, 0x04bf0000)
  to   space 640K,   0% used [0x04bf0000, 0x04bf0000, 0x04c90000)
 tenured generation   total 13328K, used 7995K [0x09b50000, 0x0a854000, 0x14600000)
   the space 13328K,  59% used [0x09b50000, 0x0a31ec70, 0x0a31ee00, 0x0a854000)
 Metaspace       used 2394K, capacity 2944K, committed 3008K, reserved 4480K
Event: 16.803 GC heap after
Heap after GC invocations=11 (full 1):
 def new generation   total 6080K, used 2K [0x04600000, 0x04c90000, 0x09b50000)
  eden space 5440K,   0% used [0x04600000, 0x04600000, 0x04b50000)
  from space 640K,   0% used [0x04bf0000, 0x04bf0808, 0x04c90000)
  to   space 640K,   0% used [0x04b50000, 0x04b50000, 0x04bf0000)
 tenured generation   total 13328K, used 9795K [0x09b50000, 0x0a854000, 0x14600000)
   the space 13328K,  73% used [0x09b50000, 0x0a4e0c90, 0x0a4e0e00, 0x0a854000)
 Metaspace       used 2394K, capacity 2944K, committed 3008K, reserved 4480K
}
Event: 17.522 GC heap before
{Heap before GC invocations=11 (full 1):
 def new generation   total 6080K, used 4642K [0x04600000, 0x04c90000, 0x09b50000)
  eden space 5440K,  85% used [0x04600000, 0x04a88300, 0x04b50000)
  from space 640K,   0% used [0x04bf0000, 0x04bf0808, 0x04c90000)
  to   space 640K,   0% used [0x04b50000, 0x04b50000, 0x04bf0000)
 tenured generation   total 13328K, used 9795K [0x09b50000, 0x0a854000, 0x14600000)
   the space 13328K,  73% used [0x09b50000, 0x0a4e0c90, 0x0a4e0e00, 0x0a854000)
 Metaspace       used 2394K, capacity 2944K, committed 3008K, reserved 4480K
Event: 17.523 GC heap after
Heap after GC invocations=12 (full 1):
 def new generation   total 6080K, used 30K [0x04600000, 0x04c90000, 0x09b50000)
  eden space 5440K,   0% used [0x04600000, 0x04600000, 0x04b50000)
  from space 640K,   4% used [0x04b50000, 0x04b57bd8, 0x04bf0000)
  to   space 640K,   0% used [0x04bf0000, 0x04bf0000, 0x04c90000)
 tenured generation   total 13328K, used 10695K [0x09b50000, 0x0a854000, 0x14600000)
   the space 13328K,  80% used [0x09b50000, 0x0a5c1ca0, 0x0a5c1e00, 0x0a854000)
 Metaspace       used 2394K, capacity 2944K, committed 3008K, reserved 4480K
}
Event: 17.938 GC heap before
{Heap before GC invocations=12 (full 1):
 def new generation   total 6080K, used 4880K [0x04600000, 0x04c90000, 0x09b50000)
  eden space 5440K,  89% used [0x04600000, 0x04abc668, 0x04b50000)
  from space 640K,   4% used [0x04b50000, 0x04b57bd8, 0x04bf0000)
  to   space 640K,   0% used [0x04bf0000, 0x04bf0000, 0x04c90000)
 tenured generation   total 13328K, used 10695K [0x09b50000, 0x0a854000, 0x14600000)
   the space 13328K,  80% used [0x09b50000, 0x0a5c1ca0, 0x0a5c1e00, 0x0a854000)
 Metaspace       used 2394K, capacity 2944K, committed 3008K, reserved 4480K
Event: 17.952 GC heap after
Heap after GC invocations=13 (full 2):
 def new generation   total 7488K, used 0K [0x04600000, 0x04e10000, 0x09b50000)
  eden space 6720K,   0% used [0x04600000, 0x04600000, 0x04c90000)
  from space 768K,   0% used [0x04c90000, 0x04c90000, 0x04d50000)
  to   space 768K,   0% used [0x04d50000, 0x04d50000, 0x04e10000)
 tenured generation   total 16384K, used 9828K [0x09b50000, 0x0ab50000, 0x14600000)
   the space 16384K,  59% used [0x09b50000, 0x0a4e9138, 0x0a4e9200, 0x0ab50000)
 Metaspace       used 2392K, capacity 2941K, committed 3008K, reserved 4480K
}

