# JRE version: Java(TM) SE Runtime Environment (8.0_05-b13) (build 1.8.0_05-b13)
# Java VM: Java HotSpot(TM) Client VM (25.5-b02 mixed mode, sharing windows-x86 )
Heap:
 def new generation   total 6784K, used 1891K [0x04a00000, 0x05150000, 0x09f50000)
  eden space 6080K,  31% used [0x04a00000, 0x04bd8ed8, 0x04ff0000)
  from space 704K,   0% used [0x04ff0000, 0x04ff0000, 0x050a0000)
  to   space 704K,   0% used [0x050a0000, 0x050a0000, 0x05150000)
 tenured generation   total 14892K, used 8933K [0x09f50000, 0x0addb000, 0x14a00000)
   the space 14892K,  59% used [0x09f50000, 0x0a8097b8, 0x0a809800, 0x0addb000)
 Metaspace       used 2402K, capacity 2941K, committed 3008K, reserved 4480K
GC Heap History (10 events):
Event: 19.276 GC heap before
{Heap before GC invocations=13 (full 1):
 def new generation   total 6080K, used 5290K [0x04a00000, 0x05090000, 0x09f50000)
  eden space 5440K,  96% used [0x04a00000, 0x04f24848, 0x04f50000)
  from space 640K,   3% used [0x04f50000, 0x04f560c8, 0x04ff0000)
  to   space 640K,   0% used [0x04ff0000, 0x04ff0000, 0x05090000)
 tenured generation   total 13324K, used 12493K [0x09f50000, 0x0ac53000, 0x14a00000)
   the space 13324K,  93% used [0x09f50000, 0x0ab836c0, 0x0ab83800, 0x0ac53000)
 Metaspace       used 2403K, capacity 2944K, committed 3008K, reserved 4480K
Event: 19.290 GC heap after
Heap after GC invocations=14 (full 2):
 def new generation   total 6080K, used 0K [0x04a00000, 0x05090000, 0x09f50000)
  eden space 5440K,   0% used [0x04a00000, 0x04a00000, 0x04f50000)
  from space 640K,   0% used [0x04ff0000, 0x04ff0000, 0x05090000)
  to   space 640K,   0% used [0x04f50000, 0x04f50000, 0x04ff0000)
 tenured generation   total 13324K, used 7990K [0x09f50000, 0x0ac53000, 0x14a00000)
   the space 13324K,  59% used [0x09f50000, 0x0a71dbb8, 0x0a71dc00, 0x0ac53000)
 Metaspace       used 2401K, capacity 2941K, committed 3008K, reserved 4480K
}
Event: 19.980 GC heap before
{Heap before GC invocations=14 (full 2):
 def new generation   total 6080K, used 4645K [0x04a00000, 0x05090000, 0x09f50000)
  eden space 5440K,  85% used [0x04a00000, 0x04e895d0, 0x04f50000)
  from space 640K,   0% used [0x04ff0000, 0x04ff0000, 0x05090000)
  to   space 640K,   0% used [0x04f50000, 0x04f50000, 0x04ff0000)
 tenured generation   total 13324K, used 7990K [0x09f50000, 0x0ac53000, 0x14a00000)
   the space 13324K,  59% used [0x09f50000, 0x0a71dbb8, 0x0a71dc00, 0x0ac53000)
 Metaspace       used 2401K, capacity 2941K, committed 3008K, reserved 4480K
Event: 19.981 GC heap after
Heap after GC invocations=15 (full 2):
 def new generation   total 6080K, used 30K [0x04a00000, 0x05090000, 0x09f50000)
  eden space 5440K,   0% used [0x04a00000, 0x04a00000, 0x04f50000)
  from space 640K,   4% used [0x04f50000, 0x04f57ab0, 0x04ff0000)
  to   space 640K,   0% used [0x04ff0000, 0x04ff0000, 0x05090000)
 tenured generation   total 13324K, used 9790K [0x09f50000, 0x0ac53000, 0x14a00000)
   the space 13324K,  73% used [0x09f50000, 0x0a8dfbd8, 0x0a8dfc00, 0x0ac53000)
 Metaspace       used 2401K, capacity 2941K, committed 3008K, reserved 4480K
}
Event: 20.752 GC heap before
{Heap before GC invocations=15 (full 2):
 def new generation   total 6080K, used 5470K [0x04a00000, 0x05090000, 0x09f50000)
  eden space 5440K, 100% used [0x04a00000, 0x04f50000, 0x04f50000)
  from space 640K,   4% used [0x04f50000, 0x04f57ab0, 0x04ff0000)
  to   space 640K,   0% used [0x04ff0000, 0x04ff0000, 0x05090000)
 tenured generation   total 13324K, used 9790K [0x09f50000, 0x0ac53000, 0x14a00000)
   the space 13324K,  73% used [0x09f50000, 0x0a8dfbd8, 0x0a8dfc00, 0x0ac53000)
 Metaspace       used 2401K, capacity 2941K, committed 3008K, reserved 4480K
Event: 20.753 GC heap after
Heap after GC invocations=16 (full 2):
 def new generation   total 6080K, used 32K [0x04a00000, 0x05090000, 0x09f50000)
  eden space 5440K,   0% used [0x04a00000, 0x04a00000, 0x04f50000)
  from space 640K,   5% used [0x04ff0000, 0x04ff8018, 0x05090000)
  to   space 640K,   0% used [0x04f50000, 0x04f50000, 0x04ff0000)
 tenured generation   total 13324K, used 10690K [0x09f50000, 0x0ac53000, 0x14a00000)
   the space 13324K,  80% used [0x09f50000, 0x0a9c0be8, 0x0a9c0c00, 0x0ac53000)
 Metaspace       used 2401K, capacity 2941K, committed 3008K, reserved 4480K
}
Event: 21.260 GC heap before
{Heap before GC invocations=16 (full 2):
 def new generation   total 6080K, used 5407K [0x04a00000, 0x05090000, 0x09f50000)
  eden space 5440K,  98% used [0x04a00000, 0x04f3fd08, 0x04f50000)
  from space 640K,   5% used [0x04ff0000, 0x04ff8018, 0x05090000)
  to   space 640K,   0% used [0x04f50000, 0x04f50000, 0x04ff0000)
 tenured generation   total 13324K, used 10690K [0x09f50000, 0x0ac53000, 0x14a00000)
   the space 13324K,  80% used [0x09f50000, 0x0a9c0be8, 0x0a9c0c00, 0x0ac53000)
 Metaspace       used 2401K, capacity 2941K, committed 3008K, reserved 4480K
Event: 21.261 GC heap after
Heap after GC invocations=17 (full 2):
 def new generation   total 6080K, used 60K [0x04a00000, 0x05090000, 0x09f50000)
  eden space 5440K,   0% used [0x04a00000, 0x04a00000, 0x04f50000)
  from space 640K,   9% used [0x04f50000, 0x04f5f3d8, 0x04ff0000)
  to   space 640K,   0% used [0x04ff0000, 0x04ff0000, 0x05090000)
 tenured generation   total 13324K, used 12491K [0x09f50000, 0x0ac53000, 0x14a00000)
   the space 13324K,  93% used [0x09f50000, 0x0ab82c08, 0x0ab82e00, 0x0ac53000)
 Metaspace       used 2401K, capacity 2941K, committed 3008K, reserved 4480K
}
Event: 21.547 GC heap before
{Heap before GC invocations=17 (full 2):
 def new generation   total 6080K, used 4759K [0x04a00000, 0x05090000, 0x09f50000)
  eden space 5440K,  86% used [0x04a00000, 0x04e968e8, 0x04f50000)
  from space 640K,   9% used [0x04f50000, 0x04f5f3d8, 0x04ff0000)
  to   space 640K,   0% used [0x04ff0000, 0x04ff0000, 0x05090000)
 tenured generation   total 13324K, used 12491K [0x09f50000, 0x0ac53000, 0x14a00000)
   the space 13324K,  93% used [0x09f50000, 0x0ab82c08, 0x0ab82e00, 0x0ac53000)
 Metaspace       used 2401K, capacity 2941K, committed 3008K, reserved 4480K
Event: 21.559 GC heap after
Heap after GC invocations=18 (full 3):
 def new generation   total 6784K, used 0K [0x04a00000, 0x05150000, 0x09f50000)
  eden space 6080K,   0% used [0x04a00000, 0x04a00000, 0x04ff0000)
  from space 704K,   0% used [0x04ff0000, 0x04ff0000, 0x050a0000)
  to   space 704K,   0% used [0x050a0000, 0x050a0000, 0x05150000)
 tenured generation   total 14892K, used 8933K [0x09f50000, 0x0addb000, 0x14a00000)
   the space 14892K,  59% used [0x09f50000, 0x0a8097b8, 0x0a809800, 0x0addb000)
 Metaspace       used 2401K, capacity 2941K, committed 3008K, reserved 4480K
}

