# JRE version: 7.0_15-b03
# Java VM: Java HotSpot(TM) 64-Bit Server VM (23.7-b01 mixed mode windows-amd64 compressed oops)
Heap
 PSYoungGen      total 12224K, used 1195K [0x00000000e0400000, 0x00000000e1400000, 0x0000000100000000)
  eden space 9344K, 12% used [0x00000000e0400000,0x00000000e052ac30,0x00000000e0d20000)
  from space 2880K, 0% used [0x00000000e0d40000,0x00000000e0d40000,0x00000000e1010000)
  to   space 3520K, 0% used [0x00000000e1090000,0x00000000e1090000,0x00000000e1400000)
 ParOldGen       total 35328K, used 10780K [0x00000000a0c00000, 0x00000000a2e80000, 0x00000000e0400000)
  object space 35328K, 30% used [0x00000000a0c00000,0x00000000a16870f8,0x00000000a2e80000)
 PSPermGen       total 28992K, used 14343K [0x000000009ba00000, 0x000000009d650000, 0x00000000a0c00000)
  object space 28992K, 49% used [0x000000009ba00000,0x000000009c801dd0,0x000000009d650000)
GC Heap History (10 events):
Event: 194.280 GC heap before
{Heap before GC invocations=946 (full 0):
 PSYoungGen      total 12736K, used 12620K [0x00000000e0400000, 0x00000000e1460000, 0x0000000100000000)
  eden space 9856K, 99% used [0x00000000e0400000,0x00000000e0d881d8,0x00000000e0da0000)
  from space 2880K, 99% used [0x00000000e0dc0000,0x00000000e108b030,0x00000000e1090000)
  to   space 3456K, 0% used [0x00000000e1100000,0x00000000e1100000,0x00000000e1460000)
 ParOldGen       total 65024K, used 63591K [0x00000000a0c00000, 0x00000000a4b80000, 0x00000000e0400000)
  object space 65024K, 97% used [0x00000000a0c00000,0x00000000a4a19e58,0x00000000a4b80000)
 PSPermGen       total 21248K, used 14348K [0x000000009ba00000, 0x000000009cec0000, 0x00000000a0c00000)
  object space 21248K, 67% used [0x000000009ba00000,0x000000009c8030f8,0x000000009cec0000)
Event: 194.281 GC heap after
Heap after GC invocations=946 (full 0):
 PSYoungGen      total 13056K, used 2828K [0x00000000e0400000, 0x00000000e1440000, 0x0000000100000000)
  eden space 9728K, 0% used [0x00000000e0400000,0x00000000e0400000,0x00000000e0d80000)
  from space 3328K, 84% used [0x00000000e1100000,0x00000000e13c3030,0x00000000e1440000)
  to   space 3456K, 0% used [0x00000000e0d80000,0x00000000e0d80000,0x00000000e10e0000)
 ParOldGen       total 65024K, used 63629K [0x00000000a0c00000, 0x00000000a4b80000, 0x00000000e0400000)
  object space 65024K, 97% used [0x00000000a0c00000,0x00000000a4a23408,0x00000000a4b80000)
 PSPermGen       total 21248K, used 14348K [0x000000009ba00000, 0x000000009cec0000, 0x00000000a0c00000)
  object space 21248K, 67% used [0x000000009ba00000,0x000000009c8030f8,0x000000009cec0000)
}
Event: 194.451 GC heap before
{Heap before GC invocations=947 (full 0):
 PSYoungGen      total 13056K, used 12545K [0x00000000e0400000, 0x00000000e1440000, 0x0000000100000000)
  eden space 9728K, 99% used [0x00000000e0400000,0x00000000e0d7d4b0,0x00000000e0d80000)
  from space 3328K, 84% used [0x00000000e1100000,0x00000000e13c3030,0x00000000e1440000)
  to   space 3456K, 0% used [0x00000000e0d80000,0x00000000e0d80000,0x00000000e10e0000)
 ParOldGen       total 65024K, used 63629K [0x00000000a0c00000, 0x00000000a4b80000, 0x00000000e0400000)
  object space 65024K, 97% used [0x00000000a0c00000,0x00000000a4a23408,0x00000000a4b80000)
 PSPermGen       total 21248K, used 14348K [0x000000009ba00000, 0x000000009cec0000, 0x00000000a0c00000)
  object space 21248K, 67% used [0x000000009ba00000,0x000000009c8030f8,0x000000009cec0000)
Event: 194.452 GC heap after
Heap after GC invocations=947 (full 0):
 PSYoungGen      total 12480K, used 2860K [0x00000000e0400000, 0x00000000e1420000, 0x0000000100000000)
  eden space 9600K, 0% used [0x00000000e0400000,0x00000000e0400000,0x00000000e0d60000)
  from space 2880K, 99% used [0x00000000e0d80000,0x00000000e104b030,0x00000000e1050000)
  to   space 3456K, 0% used [0x00000000e10c0000,0x00000000e10c0000,0x00000000e1420000)
 ParOldGen       total 65024K, used 63658K [0x00000000a0c00000, 0x00000000a4b80000, 0x00000000e0400000)
  object space 65024K, 97% used [0x00000000a0c00000,0x00000000a4a2a9b8,0x00000000a4b80000)
 PSPermGen       total 21248K, used 14348K [0x000000009ba00000, 0x000000009cec0000, 0x00000000a0c00000)
  object space 21248K, 67% used [0x000000009ba00000,0x000000009c8030f8,0x000000009cec0000)
}
Event: 194.696 GC heap before
{Heap before GC invocations=948 (full 0):
 PSYoungGen      total 12480K, used 12385K [0x00000000e0400000, 0x00000000e1420000, 0x0000000100000000)
  eden space 9600K, 99% used [0x00000000e0400000,0x00000000e0d4d648,0x00000000e0d60000)
  from space 2880K, 99% used [0x00000000e0d80000,0x00000000e104b030,0x00000000e1050000)
  to   space 3456K, 0% used [0x00000000e10c0000,0x00000000e10c0000,0x00000000e1420000)
 ParOldGen       total 65024K, used 63658K [0x00000000a0c00000, 0x00000000a4b80000, 0x00000000e0400000)
  object space 65024K, 97% used [0x00000000a0c00000,0x00000000a4a2a9b8,0x00000000a4b80000)
 PSPermGen       total 21248K, used 14348K [0x000000009ba00000, 0x000000009cec0000, 0x00000000a0c00000)
  object space 21248K, 67% used [0x000000009ba00000,0x000000009c8033a0,0x000000009cec0000)
Event: 194.698 GC heap after
Heap after GC invocations=948 (full 0):
 PSYoungGen      total 12928K, used 1896K [0x00000000e0400000, 0x00000000e1420000, 0x0000000100000000)
  eden space 9472K, 0% used [0x00000000e0400000,0x00000000e0400000,0x00000000e0d40000)
  from space 3456K, 54% used [0x00000000e10c0000,0x00000000e129a020,0x00000000e1420000)
  to   space 3520K, 0% used [0x00000000e0d40000,0x00000000e0d40000,0x00000000e10b0000)
 ParOldGen       total 65024K, used 63687K [0x00000000a0c00000, 0x00000000a4b80000, 0x00000000e0400000)
  object space 65024K, 97% used [0x00000000a0c00000,0x00000000a4a31f68,0x00000000a4b80000)
 PSPermGen       total 21248K, used 14348K [0x000000009ba00000, 0x000000009cec0000, 0x00000000a0c00000)
  object space 21248K, 67% used [0x000000009ba00000,0x000000009c8033a0,0x000000009cec0000)
}
Event: 194.856 GC heap before
{Heap before GC invocations=949 (full 0):
 PSYoungGen      total 12928K, used 10567K [0x00000000e0400000, 0x00000000e1420000, 0x0000000100000000)
  eden space 9472K, 91% used [0x00000000e0400000,0x00000000e0c77ed0,0x00000000e0d40000)
  from space 3456K, 54% used [0x00000000e10c0000,0x00000000e129a020,0x00000000e1420000)
  to   space 3520K, 0% used [0x00000000e0d40000,0x00000000e0d40000,0x00000000e10b0000)
 ParOldGen       total 65024K, used 63687K [0x00000000a0c00000, 0x00000000a4b80000, 0x00000000e0400000)
  object space 65024K, 97% used [0x00000000a0c00000,0x00000000a4a31f68,0x00000000a4b80000)
 PSPermGen       total 21248K, used 14349K [0x000000009ba00000, 0x000000009cec0000, 0x00000000a0c00000)
  object space 21248K, 67% used [0x000000009ba00000,0x000000009c803458,0x000000009cec0000)
Event: 194.858 GC heap after
Heap after GC invocations=949 (full 0):
 PSYoungGen      total 12224K, used 2860K [0x00000000e0400000, 0x00000000e1400000, 0x0000000100000000)
  eden space 9344K, 0% used [0x00000000e0400000,0x00000000e0400000,0x00000000e0d20000)
  from space 2880K, 99% used [0x00000000e0d40000,0x00000000e100b030,0x00000000e1010000)
  to   space 3520K, 0% used [0x00000000e1090000,0x00000000e1090000,0x00000000e1400000)
 ParOldGen       total 65024K, used 64630K [0x00000000a0c00000, 0x00000000a4b80000, 0x00000000e0400000)
  object space 65024K, 99% used [0x00000000a0c00000,0x00000000a4b1dad8,0x00000000a4b80000)
 PSPermGen       total 21248K, used 14349K [0x000000009ba00000, 0x000000009cec0000, 0x00000000a0c00000)
  object space 21248K, 67% used [0x000000009ba00000,0x000000009c803458,0x000000009cec0000)
}
Event: 194.858 GC heap before
{Heap before GC invocations=950 (full 1):
 PSYoungGen      total 12224K, used 2860K [0x00000000e0400000, 0x00000000e1400000, 0x0000000100000000)
  eden space 9344K, 0% used [0x00000000e0400000,0x00000000e0400000,0x00000000e0d20000)
  from space 2880K, 99% used [0x00000000e0d40000,0x00000000e100b030,0x00000000e1010000)
  to   space 3520K, 0% used [0x00000000e1090000,0x00000000e1090000,0x00000000e1400000)
 ParOldGen       total 65024K, used 64630K [0x00000000a0c00000, 0x00000000a4b80000, 0x00000000e0400000)
  object space 65024K, 99% used [0x00000000a0c00000,0x00000000a4b1dad8,0x00000000a4b80000)
 PSPermGen       total 21248K, used 14349K [0x000000009ba00000, 0x000000009cec0000, 0x00000000a0c00000)
  object space 21248K, 67% used [0x000000009ba00000,0x000000009c803458,0x000000009cec0000)
Event: 194.917 GC heap after
Heap after GC invocations=950 (full 1):
 PSYoungGen      total 12224K, used 0K [0x00000000e0400000, 0x00000000e1400000, 0x0000000100000000)
  eden space 9344K, 0% used [0x00000000e0400000,0x00000000e0400000,0x00000000e0d20000)
  from space 2880K, 0% used [0x00000000e0d40000,0x00000000e0d40000,0x00000000e1010000)
  to   space 3520K, 0% used [0x00000000e1090000,0x00000000e1090000,0x00000000e1400000)
 ParOldGen       total 35328K, used 10780K [0x00000000a0c00000, 0x00000000a2e80000, 0x00000000e0400000)
  object space 35328K, 30% used [0x00000000a0c00000,0x00000000a16870f8,0x00000000a2e80000)
 PSPermGen       total 28992K, used 14342K [0x000000009ba00000, 0x000000009d650000, 0x00000000a0c00000)
  object space 28992K, 49% used [0x000000009ba00000,0x000000009c801880,0x000000009d650000)
}

