# JRE version: 7.0_15-b03
# Java VM: Java HotSpot(TM) 64-Bit Server VM (23.7-b01 mixed mode windows-amd64 compressed oops)
Heap
 PSYoungGen      total 28416K, used 6101K [0x00000000e0400000, 0x00000000e23b0000, 0x0000000100000000)
  eden space 24384K, 11% used [0x00000000e0400000,0x00000000e06d06a0,0x00000000e1bd0000)
  from space 4032K, 79% used [0x00000000e1fc0000,0x00000000e22e5020,0x00000000e23b0000)
  to   space 4032K, 0% used [0x00000000e1bd0000,0x00000000e1bd0000,0x00000000e1fc0000)
 ParOldGen       total 65024K, used 14589K [0x00000000a0c00000, 0x00000000a4b80000, 0x00000000e0400000)
  object space 65024K, 22% used [0x00000000a0c00000,0x00000000a1a3f718,0x00000000a4b80000)
 PSPermGen       total 21248K, used 14622K [0x000000009ba00000, 0x000000009cec0000, 0x00000000a0c00000)
  object space 21248K, 68% used [0x000000009ba00000,0x000000009c8478c8,0x000000009cec0000)
GC Heap History (8 events):
Event: 10.074 GC heap before
{Heap before GC invocations=1 (full 0):
 PSYoungGen      total 28416K, used 24384K [0x00000000e0400000, 0x00000000e23b0000, 0x0000000100000000)
  eden space 24384K, 100% used [0x00000000e0400000,0x00000000e1bd0000,0x00000000e1bd0000)
  from space 4032K, 0% used [0x00000000e1fc0000,0x00000000e1fc0000,0x00000000e23b0000)
  to   space 4032K, 0% used [0x00000000e1bd0000,0x00000000e1bd0000,0x00000000e1fc0000)
 ParOldGen       total 65024K, used 0K [0x00000000a0c00000, 0x00000000a4b80000, 0x00000000e0400000)
  object space 65024K, 0% used [0x00000000a0c00000,0x00000000a0c00000,0x00000000a4b80000)
 PSPermGen       total 21248K, used 14414K [0x000000009ba00000, 0x000000009cec0000, 0x00000000a0c00000)
  object space 21248K, 67% used [0x000000009ba00000,0x000000009c813b90,0x000000009cec0000)
Event: 10.086 GC heap after
Heap after GC invocations=1 (full 0):
 PSYoungGen      total 28416K, used 3287K [0x00000000e0400000, 0x00000000e23b0000, 0x0000000100000000)
  eden space 24384K, 0% used [0x00000000e0400000,0x00000000e0400000,0x00000000e1bd0000)
  from space 4032K, 81% used [0x00000000e1bd0000,0x00000000e1f05df0,0x00000000e1fc0000)
  to   space 4032K, 0% used [0x00000000e1fc0000,0x00000000e1fc0000,0x00000000e23b0000)
 ParOldGen       total 65024K, used 11453K [0x00000000a0c00000, 0x00000000a4b80000, 0x00000000e0400000)
  object space 65024K, 17% used [0x00000000a0c00000,0x00000000a172f688,0x00000000a4b80000)
 PSPermGen       total 21248K, used 14414K [0x000000009ba00000, 0x000000009cec0000, 0x00000000a0c00000)
  object space 21248K, 67% used [0x000000009ba00000,0x000000009c813b90,0x000000009cec0000)
}
Event: 11.067 GC heap before
{Heap before GC invocations=2 (full 0):
 PSYoungGen      total 28416K, used 26858K [0x00000000e0400000, 0x00000000e23b0000, 0x0000000100000000)
  eden space 24384K, 96% used [0x00000000e0400000,0x00000000e1b04cd0,0x00000000e1bd0000)
  from space 4032K, 81% used [0x00000000e1bd0000,0x00000000e1f05df0,0x00000000e1fc0000)
  to   space 4032K, 0% used [0x00000000e1fc0000,0x00000000e1fc0000,0x00000000e23b0000)
 ParOldGen       total 65024K, used 11453K [0x00000000a0c00000, 0x00000000a4b80000, 0x00000000e0400000)
  object space 65024K, 17% used [0x00000000a0c00000,0x00000000a172f688,0x00000000a4b80000)
 PSPermGen       total 21248K, used 14593K [0x000000009ba00000, 0x000000009cec0000, 0x00000000a0c00000)
  object space 21248K, 68% used [0x000000009ba00000,0x000000009c8407d0,0x000000009cec0000)
Event: 11.076 GC heap after
Heap after GC invocations=2 (full 0):
 PSYoungGen      total 28416K, used 4008K [0x00000000e0400000, 0x00000000e23b0000, 0x0000000100000000)
  eden space 24384K, 0% used [0x00000000e0400000,0x00000000e0400000,0x00000000e1bd0000)
  from space 4032K, 99% used [0x00000000e1fc0000,0x00000000e23aa020,0x00000000e23b0000)
  to   space 4032K, 0% used [0x00000000e1bd0000,0x00000000e1bd0000,0x00000000e1fc0000)
 ParOldGen       total 65024K, used 13673K [0x00000000a0c00000, 0x00000000a4b80000, 0x00000000e0400000)
  object space 65024K, 21% used [0x00000000a0c00000,0x00000000a195a708,0x00000000a4b80000)
 PSPermGen       total 21248K, used 14593K [0x000000009ba00000, 0x000000009cec0000, 0x00000000a0c00000)
  object space 21248K, 68% used [0x000000009ba00000,0x000000009c8407d0,0x000000009cec0000)
}
Event: 12.027 GC heap before
{Heap before GC invocations=3 (full 0):
 PSYoungGen      total 28416K, used 27650K [0x00000000e0400000, 0x00000000e23b0000, 0x0000000100000000)
  eden space 24384K, 96% used [0x00000000e0400000,0x00000000e1b16a48,0x00000000e1bd0000)
  from space 4032K, 99% used [0x00000000e1fc0000,0x00000000e23aa020,0x00000000e23b0000)
  to   space 4032K, 0% used [0x00000000e1bd0000,0x00000000e1bd0000,0x00000000e1fc0000)
 ParOldGen       total 65024K, used 13673K [0x00000000a0c00000, 0x00000000a4b80000, 0x00000000e0400000)
  object space 65024K, 21% used [0x00000000a0c00000,0x00000000a195a708,0x00000000a4b80000)
 PSPermGen       total 21248K, used 14601K [0x000000009ba00000, 0x000000009cec0000, 0x00000000a0c00000)
  object space 21248K, 68% used [0x000000009ba00000,0x000000009c8426d0,0x000000009cec0000)
Event: 12.034 GC heap after
Heap after GC invocations=3 (full 0):
 PSYoungGen      total 28416K, used 3188K [0x00000000e0400000, 0x00000000e23b0000, 0x0000000100000000)
  eden space 24384K, 0% used [0x00000000e0400000,0x00000000e0400000,0x00000000e1bd0000)
  from space 4032K, 79% used [0x00000000e1bd0000,0x00000000e1eed020,0x00000000e1fc0000)
  to   space 4032K, 0% used [0x00000000e1fc0000,0x00000000e1fc0000,0x00000000e23b0000)
 ParOldGen       total 65024K, used 13681K [0x00000000a0c00000, 0x00000000a4b80000, 0x00000000e0400000)
  object space 65024K, 21% used [0x00000000a0c00000,0x00000000a195c708,0x00000000a4b80000)
 PSPermGen       total 21248K, used 14601K [0x000000009ba00000, 0x000000009cec0000, 0x00000000a0c00000)
  object space 21248K, 68% used [0x000000009ba00000,0x000000009c8426d0,0x000000009cec0000)
}
Event: 12.811 GC heap before
{Heap before GC invocations=4 (full 0):
 PSYoungGen      total 28416K, used 27520K [0x00000000e0400000, 0x00000000e23b0000, 0x0000000100000000)
  eden space 24384K, 99% used [0x00000000e0400000,0x00000000e1bc3058,0x00000000e1bd0000)
  from space 4032K, 79% used [0x00000000e1bd0000,0x00000000e1eed020,0x00000000e1fc0000)
  to   space 4032K, 0% used [0x00000000e1fc0000,0x00000000e1fc0000,0x00000000e23b0000)
 ParOldGen       total 65024K, used 13681K [0x00000000a0c00000, 0x00000000a4b80000, 0x00000000e0400000)
  object space 65024K, 21% used [0x00000000a0c00000,0x00000000a195c708,0x00000000a4b80000)
 PSPermGen       total 21248K, used 14619K [0x000000009ba00000, 0x000000009cec0000, 0x00000000a0c00000)
  object space 21248K, 68% used [0x000000009ba00000,0x000000009c846f28,0x000000009cec0000)
Event: 12.817 GC heap after
Heap after GC invocations=4 (full 0):
 PSYoungGen      total 28416K, used 3220K [0x00000000e0400000, 0x00000000e23b0000, 0x0000000100000000)
  eden space 24384K, 0% used [0x00000000e0400000,0x00000000e0400000,0x00000000e1bd0000)
  from space 4032K, 79% used [0x00000000e1fc0000,0x00000000e22e5020,0x00000000e23b0000)
  to   space 4032K, 0% used [0x00000000e1bd0000,0x00000000e1bd0000,0x00000000e1fc0000)
 ParOldGen       total 65024K, used 14589K [0x00000000a0c00000, 0x00000000a4b80000, 0x00000000e0400000)
  object space 65024K, 22% used [0x00000000a0c00000,0x00000000a1a3f718,0x00000000a4b80000)
 PSPermGen       total 21248K, used 14619K [0x000000009ba00000, 0x000000009cec0000, 0x00000000a0c00000)
  object space 21248K, 68% used [0x000000009ba00000,0x000000009c846f28,0x000000009cec0000)
}

