# JRE version: 7.0_15-b03
# Java VM: Java HotSpot(TM) 64-Bit Server VM (23.7-b01 mixed mode windows-amd64 compressed oops)
Heap
 PSYoungGen      total 28416K, used 5512K [0x00000000e0400000, 0x00000000e23b0000, 0x0000000100000000)
  eden space 24384K, 6% used [0x00000000e0400000,0x00000000e05782e8,0x00000000e1bd0000)
  from space 4032K, 99% used [0x00000000e1bd0000,0x00000000e1fba020,0x00000000e1fc0000)
  to   space 4032K, 0% used [0x00000000e1fc0000,0x00000000e1fc0000,0x00000000e23b0000)
 ParOldGen       total 65024K, used 5155K [0x00000000a0c00000, 0x00000000a4b80000, 0x00000000e0400000)
  object space 65024K, 7% used [0x00000000a0c00000,0x00000000a1108d38,0x00000000a4b80000)
 PSPermGen       total 21248K, used 14681K [0x000000009ba00000, 0x000000009cec0000, 0x00000000a0c00000)
  object space 21248K, 69% used [0x000000009ba00000,0x000000009c856678,0x000000009cec0000)
GC Heap History (6 events):
Event: 8.454 GC heap before
{Heap before GC invocations=1 (full 0):
 PSYoungGen      total 28416K, used 24384K [0x00000000e0400000, 0x00000000e23b0000, 0x0000000100000000)
  eden space 24384K, 100% used [0x00000000e0400000,0x00000000e1bd0000,0x00000000e1bd0000)
  from space 4032K, 0% used [0x00000000e1fc0000,0x00000000e1fc0000,0x00000000e23b0000)
  to   space 4032K, 0% used [0x00000000e1bd0000,0x00000000e1bd0000,0x00000000e1fc0000)
 ParOldGen       total 65024K, used 0K [0x00000000a0c00000, 0x00000000a4b80000, 0x00000000e0400000)
  object space 65024K, 0% used [0x00000000a0c00000,0x00000000a0c00000,0x00000000a4b80000)
 PSPermGen       total 21248K, used 12294K [0x000000009ba00000, 0x000000009cec0000, 0x00000000a0c00000)
  object space 21248K, 57% used [0x000000009ba00000,0x000000009c601af0,0x000000009cec0000)
Event: 8.464 GC heap after
Heap after GC invocations=1 (full 0):
 PSYoungGen      total 28416K, used 2521K [0x00000000e0400000, 0x00000000e23b0000, 0x0000000100000000)
  eden space 24384K, 0% used [0x00000000e0400000,0x00000000e0400000,0x00000000e1bd0000)
  from space 4032K, 62% used [0x00000000e1bd0000,0x00000000e1e467d8,0x00000000e1fc0000)
  to   space 4032K, 0% used [0x00000000e1fc0000,0x00000000e1fc0000,0x00000000e23b0000)
 ParOldGen       total 65024K, used 3823K [0x00000000a0c00000, 0x00000000a4b80000, 0x00000000e0400000)
  object space 65024K, 5% used [0x00000000a0c00000,0x00000000a0fbbcd8,0x00000000a4b80000)
 PSPermGen       total 21248K, used 12294K [0x000000009ba00000, 0x000000009cec0000, 0x00000000a0c00000)
  object space 21248K, 57% used [0x000000009ba00000,0x000000009c601af0,0x000000009cec0000)
}
Event: 17.305 GC heap before
{Heap before GC invocations=2 (full 0):
 PSYoungGen      total 28416K, used 26905K [0x00000000e0400000, 0x00000000e23b0000, 0x0000000100000000)
  eden space 24384K, 100% used [0x00000000e0400000,0x00000000e1bd0000,0x00000000e1bd0000)
  from space 4032K, 62% used [0x00000000e1bd0000,0x00000000e1e467d8,0x00000000e1fc0000)
  to   space 4032K, 0% used [0x00000000e1fc0000,0x00000000e1fc0000,0x00000000e23b0000)
 ParOldGen       total 65024K, used 3823K [0x00000000a0c00000, 0x00000000a4b80000, 0x00000000e0400000)
  object space 65024K, 5% used [0x00000000a0c00000,0x00000000a0fbbcd8,0x00000000a4b80000)
 PSPermGen       total 21248K, used 14479K [0x000000009ba00000, 0x000000009cec0000, 0x00000000a0c00000)
  object space 21248K, 68% used [0x000000009ba00000,0x000000009c823e88,0x000000009cec0000)
Event: 17.312 GC heap after
Heap after GC invocations=2 (full 0):
 PSYoungGen      total 28416K, used 3037K [0x00000000e0400000, 0x00000000e23b0000, 0x0000000100000000)
  eden space 24384K, 0% used [0x00000000e0400000,0x00000000e0400000,0x00000000e1bd0000)
  from space 4032K, 75% used [0x00000000e1fc0000,0x00000000e22b7618,0x00000000e23b0000)
  to   space 4032K, 0% used [0x00000000e1bd0000,0x00000000e1bd0000,0x00000000e1fc0000)
 ParOldGen       total 65024K, used 3831K [0x00000000a0c00000, 0x00000000a4b80000, 0x00000000e0400000)
  object space 65024K, 5% used [0x00000000a0c00000,0x00000000a0fbdcd8,0x00000000a4b80000)
 PSPermGen       total 21248K, used 14479K [0x000000009ba00000, 0x000000009cec0000, 0x00000000a0c00000)
  object space 21248K, 68% used [0x000000009ba00000,0x000000009c823e88,0x000000009cec0000)
}
Event: 18.104 GC heap before
{Heap before GC invocations=3 (full 0):
 PSYoungGen      total 28416K, used 27240K [0x00000000e0400000, 0x00000000e23b0000, 0x0000000100000000)
  eden space 24384K, 99% used [0x00000000e0400000,0x00000000e1ba2aa8,0x00000000e1bd0000)
  from space 4032K, 75% used [0x00000000e1fc0000,0x00000000e22b7618,0x00000000e23b0000)
  to   space 4032K, 0% used [0x00000000e1bd0000,0x00000000e1bd0000,0x00000000e1fc0000)
 ParOldGen       total 65024K, used 3831K [0x00000000a0c00000, 0x00000000a4b80000, 0x00000000e0400000)
  object space 65024K, 5% used [0x00000000a0c00000,0x00000000a0fbdcd8,0x00000000a4b80000)
 PSPermGen       total 21248K, used 14679K [0x000000009ba00000, 0x000000009cec0000, 0x00000000a0c00000)
  object space 21248K, 69% used [0x000000009ba00000,0x000000009c855e50,0x000000009cec0000)
Event: 18.111 GC heap after
Heap after GC invocations=3 (full 0):
 PSYoungGen      total 28416K, used 4008K [0x00000000e0400000, 0x00000000e23b0000, 0x0000000100000000)
  eden space 24384K, 0% used [0x00000000e0400000,0x00000000e0400000,0x00000000e1bd0000)
  from space 4032K, 99% used [0x00000000e1bd0000,0x00000000e1fba020,0x00000000e1fc0000)
  to   space 4032K, 0% used [0x00000000e1fc0000,0x00000000e1fc0000,0x00000000e23b0000)
 ParOldGen       total 65024K, used 5155K [0x00000000a0c00000, 0x00000000a4b80000, 0x00000000e0400000)
  object space 65024K, 7% used [0x00000000a0c00000,0x00000000a1108d38,0x00000000a4b80000)
 PSPermGen       total 21248K, used 14679K [0x000000009ba00000, 0x000000009cec0000, 0x00000000a0c00000)
  object space 21248K, 69% used [0x000000009ba00000,0x000000009c855e50,0x000000009cec0000)
}

