# JRE version: 7.0_15-b03
# Java VM: Java HotSpot(TM) 64-Bit Server VM (23.7-b01 mixed mode windows-amd64 compressed oops)
Heap
 PSYoungGen      total 12736K, used 2084K [0x00000000e0400000, 0x00000000e18e0000, 0x0000000100000000)
  eden space 4608K, 45% used [0x00000000e0400000,0x00000000e06093b0,0x00000000e0880000)
  from space 8128K, 0% used [0x00000000e1050000,0x00000000e1050000,0x00000000e1840000)
  to   space 8000K, 0% used [0x00000000e0880000,0x00000000e0880000,0x00000000e1050000)
 ParOldGen       total 40512K, used 12688K [0x00000000a0c00000, 0x00000000a3390000, 0x00000000e0400000)
  object space 40512K, 31% used [0x00000000a0c00000,0x00000000a18641d8,0x00000000a3390000)
 PSPermGen       total 42240K, used 20845K [0x000000009ba00000, 0x000000009e340000, 0x00000000a0c00000)
  object space 42240K, 49% used [0x000000009ba00000,0x000000009ce5b6f0,0x000000009e340000)
GC Heap History (10 events):
Event: 118.391 GC heap before
{Heap before GC invocations=181 (full 0):
 PSYoungGen      total 11136K, used 8444K [0x00000000e0400000, 0x00000000e1680000, 0x0000000100000000)
  eden space 4480K, 84% used [0x00000000e0400000,0x00000000e07b23a8,0x00000000e0860000)
  from space 6656K, 70% used [0x00000000e0f40000,0x00000000e13cd050,0x00000000e15c0000)
  to   space 7040K, 0% used [0x00000000e0860000,0x00000000e0860000,0x00000000e0f40000)
 ParOldGen       total 65024K, used 60515K [0x00000000a0c00000, 0x00000000a4b80000, 0x00000000e0400000)
  object space 65024K, 93% used [0x00000000a0c00000,0x00000000a4718f50,0x00000000a4b80000)
 PSPermGen       total 21248K, used 20854K [0x000000009ba00000, 0x000000009cec0000, 0x00000000a0c00000)
  object space 21248K, 98% used [0x000000009ba00000,0x000000009ce5d8e8,0x000000009cec0000)
Event: 118.393 GC heap after
Heap after GC invocations=181 (full 0):
 PSYoungGen      total 11520K, used 5560K [0x00000000e0400000, 0x00000000e1760000, 0x0000000100000000)
  eden space 4480K, 0% used [0x00000000e0400000,0x00000000e0400000,0x00000000e0860000)
  from space 7040K, 78% used [0x00000000e0860000,0x00000000e0dce060,0x00000000e0f40000)
  to   space 7680K, 0% used [0x00000000e0fe0000,0x00000000e0fe0000,0x00000000e1760000)
 ParOldGen       total 65024K, used 60553K [0x00000000a0c00000, 0x00000000a4b80000, 0x00000000e0400000)
  object space 65024K, 93% used [0x00000000a0c00000,0x00000000a4722500,0x00000000a4b80000)
 PSPermGen       total 21248K, used 20854K [0x000000009ba00000, 0x000000009cec0000, 0x00000000a0c00000)
  object space 21248K, 98% used [0x000000009ba00000,0x000000009ce5d8e8,0x000000009cec0000)
}
Event: 118.647 GC heap before
{Heap before GC invocations=182 (full 0):
 PSYoungGen      total 11520K, used 9733K [0x00000000e0400000, 0x00000000e1760000, 0x0000000100000000)
  eden space 4480K, 93% used [0x00000000e0400000,0x00000000e0813680,0x00000000e0860000)
  from space 7040K, 78% used [0x00000000e0860000,0x00000000e0dce060,0x00000000e0f40000)
  to   space 7680K, 0% used [0x00000000e0fe0000,0x00000000e0fe0000,0x00000000e1760000)
 ParOldGen       total 65024K, used 60553K [0x00000000a0c00000, 0x00000000a4b80000, 0x00000000e0400000)
  object space 65024K, 93% used [0x00000000a0c00000,0x00000000a4722500,0x00000000a4b80000)
 PSPermGen       total 21248K, used 20854K [0x000000009ba00000, 0x000000009cec0000, 0x00000000a0c00000)
  object space 21248K, 98% used [0x000000009ba00000,0x000000009ce5d8e8,0x000000009cec0000)
Event: 118.648 GC heap after
Heap after GC invocations=182 (full 0):
 PSYoungGen      total 11264K, used 2828K [0x00000000e0400000, 0x00000000e1680000, 0x0000000100000000)
  eden space 4480K, 0% used [0x00000000e0400000,0x00000000e0400000,0x00000000e0860000)
  from space 6784K, 41% used [0x00000000e0fe0000,0x00000000e12a3030,0x00000000e1680000)
  to   space 7232K, 0% used [0x00000000e0860000,0x00000000e0860000,0x00000000e0f70000)
 ParOldGen       total 65024K, used 60590K [0x00000000a0c00000, 0x00000000a4b80000, 0x00000000e0400000)
  object space 65024K, 93% used [0x00000000a0c00000,0x00000000a472bab0,0x00000000a4b80000)
 PSPermGen       total 21248K, used 20854K [0x000000009ba00000, 0x000000009cec0000, 0x00000000a0c00000)
  object space 21248K, 98% used [0x000000009ba00000,0x000000009ce5d8e8,0x000000009cec0000)
}
Event: 118.792 GC heap before
{Heap before GC invocations=183 (full 0):
 PSYoungGen      total 11264K, used 6637K [0x00000000e0400000, 0x00000000e1680000, 0x0000000100000000)
  eden space 4480K, 85% used [0x00000000e0400000,0x00000000e07b8618,0x00000000e0860000)
  from space 6784K, 41% used [0x00000000e0fe0000,0x00000000e12a3030,0x00000000e1680000)
  to   space 7232K, 0% used [0x00000000e0860000,0x00000000e0860000,0x00000000e0f70000)
 ParOldGen       total 65024K, used 60590K [0x00000000a0c00000, 0x00000000a4b80000, 0x00000000e0400000)
  object space 65024K, 93% used [0x00000000a0c00000,0x00000000a472bab0,0x00000000a4b80000)
 PSPermGen       total 21248K, used 20854K [0x000000009ba00000, 0x000000009cec0000, 0x00000000a0c00000)
  object space 21248K, 98% used [0x000000009ba00000,0x000000009ce5d8e8,0x000000009cec0000)
Event: 118.793 GC heap after
Heap after GC invocations=183 (full 0):
 PSYoungGen      total 11712K, used 6460K [0x00000000e0400000, 0x00000000e1840000, 0x0000000100000000)
  eden space 4480K, 0% used [0x00000000e0400000,0x00000000e0400000,0x00000000e0860000)
  from space 7232K, 89% used [0x00000000e0860000,0x00000000e0eaf070,0x00000000e0f70000)
  to   space 8128K, 0% used [0x00000000e1050000,0x00000000e1050000,0x00000000e1840000)
 ParOldGen       total 65024K, used 60649K [0x00000000a0c00000, 0x00000000a4b80000, 0x00000000e0400000)
  object space 65024K, 93% used [0x00000000a0c00000,0x00000000a473a610,0x00000000a4b80000)
 PSPermGen       total 21248K, used 20854K [0x000000009ba00000, 0x000000009cec0000, 0x00000000a0c00000)
  object space 21248K, 98% used [0x000000009ba00000,0x000000009ce5d8e8,0x000000009cec0000)
}
Event: 118.926 GC heap before
{Heap before GC invocations=184 (full 0):
 PSYoungGen      total 11712K, used 10195K [0x00000000e0400000, 0x00000000e1840000, 0x0000000100000000)
  eden space 4480K, 83% used [0x00000000e0400000,0x00000000e07a5ba0,0x00000000e0860000)
  from space 7232K, 89% used [0x00000000e0860000,0x00000000e0eaf070,0x00000000e0f70000)
  to   space 8128K, 0% used [0x00000000e1050000,0x00000000e1050000,0x00000000e1840000)
 ParOldGen       total 65024K, used 60649K [0x00000000a0c00000, 0x00000000a4b80000, 0x00000000e0400000)
  object space 65024K, 93% used [0x00000000a0c00000,0x00000000a473a610,0x00000000a4b80000)
 PSPermGen       total 21248K, used 20854K [0x000000009ba00000, 0x000000009cec0000, 0x00000000a0c00000)
  object space 21248K, 98% used [0x000000009ba00000,0x000000009ce5d8e8,0x000000009cec0000)
Event: 118.931 GC heap after
Heap after GC invocations=184 (full 0):
 PSYoungGen      total 12736K, used 1028K [0x00000000e0400000, 0x00000000e18e0000, 0x0000000100000000)
  eden space 4608K, 0% used [0x00000000e0400000,0x00000000e0400000,0x00000000e0880000)
  from space 8128K, 12% used [0x00000000e1050000,0x00000000e1151010,0x00000000e1840000)
  to   space 8000K, 0% used [0x00000000e0880000,0x00000000e0880000,0x00000000e1050000)
 ParOldGen       total 65984K, used 65179K [0x00000000a0c00000, 0x00000000a4c70000, 0x00000000e0400000)
  object space 65984K, 98% used [0x00000000a0c00000,0x00000000a4ba6c10,0x00000000a4c70000)
 PSPermGen       total 21248K, used 20854K [0x000000009ba00000, 0x000000009cec0000, 0x00000000a0c00000)
  object space 21248K, 98% used [0x000000009ba00000,0x000000009ce5d8e8,0x000000009cec0000)
}
Event: 118.931 GC heap before
{Heap before GC invocations=185 (full 1):
 PSYoungGen      total 12736K, used 1028K [0x00000000e0400000, 0x00000000e18e0000, 0x0000000100000000)
  eden space 4608K, 0% used [0x00000000e0400000,0x00000000e0400000,0x00000000e0880000)
  from space 8128K, 12% used [0x00000000e1050000,0x00000000e1151010,0x00000000e1840000)
  to   space 8000K, 0% used [0x00000000e0880000,0x00000000e0880000,0x00000000e1050000)
 ParOldGen       total 65984K, used 65179K [0x00000000a0c00000, 0x00000000a4c70000, 0x00000000e0400000)
  object space 65984K, 98% used [0x00000000a0c00000,0x00000000a4ba6c10,0x00000000a4c70000)
 PSPermGen       total 21248K, used 20854K [0x000000009ba00000, 0x000000009cec0000, 0x00000000a0c00000)
  object space 21248K, 98% used [0x000000009ba00000,0x000000009ce5d8e8,0x000000009cec0000)
Event: 119.023 GC heap after
Heap after GC invocations=185 (full 1):
 PSYoungGen      total 12736K, used 0K [0x00000000e0400000, 0x00000000e18e0000, 0x0000000100000000)
  eden space 4608K, 0% used [0x00000000e0400000,0x00000000e0400000,0x00000000e0880000)
  from space 8128K, 0% used [0x00000000e1050000,0x00000000e1050000,0x00000000e1840000)
  to   space 8000K, 0% used [0x00000000e0880000,0x00000000e0880000,0x00000000e1050000)
 ParOldGen       total 40512K, used 12688K [0x00000000a0c00000, 0x00000000a3390000, 0x00000000e0400000)
  object space 40512K, 31% used [0x00000000a0c00000,0x00000000a18641d8,0x00000000a3390000)
 PSPermGen       total 42240K, used 20845K [0x000000009ba00000, 0x000000009e340000, 0x00000000a0c00000)
  object space 42240K, 49% used [0x000000009ba00000,0x000000009ce5b638,0x000000009e340000)
}

