# JRE version: 7.0_15-b03
# Java VM: Java HotSpot(TM) 64-Bit Server VM (23.7-b01 mixed mode windows-amd64 compressed oops)
Heap
 PSYoungGen      total 12352K, used 1090K [0x00000000e0400000, 0x00000000e1530000, 0x0000000100000000)
  eden space 8768K, 12% used [0x00000000e0400000,0x00000000e0510990,0x00000000e0c90000)
  from space 3584K, 0% used [0x00000000e0c90000,0x00000000e0c90000,0x00000000e1010000)
  to   space 3520K, 0% used [0x00000000e11c0000,0x00000000e11c0000,0x00000000e1530000)
 ParOldGen       total 38336K, used 10423K [0x00000000a0c00000, 0x00000000a3170000, 0x00000000e0400000)
  object space 38336K, 27% used [0x00000000a0c00000,0x00000000a162deb0,0x00000000a3170000)
 PSPermGen       total 33728K, used 16593K [0x000000009ba00000, 0x000000009daf0000, 0x00000000a0c00000)
  object space 33728K, 49% used [0x000000009ba00000,0x000000009ca345c8,0x000000009daf0000)
GC Heap History (10 events):
Event: 90.780 GC heap before
{Heap before GC invocations=250 (full 0):
 PSYoungGen      total 10304K, used 9786K [0x00000000e0400000, 0x00000000e1240000, 0x0000000100000000)
  eden space 7424K, 93% used [0x00000000e0400000,0x00000000e0ac3838,0x00000000e0b40000)
  from space 2880K, 99% used [0x00000000e0b50000,0x00000000e0e1b030,0x00000000e0e20000)
  to   space 3584K, 0% used [0x00000000e0ec0000,0x00000000e0ec0000,0x00000000e1240000)
 ParOldGen       total 65024K, used 61524K [0x00000000a0c00000, 0x00000000a4b80000, 0x00000000e0400000)
  object space 65024K, 94% used [0x00000000a0c00000,0x00000000a4815248,0x00000000a4b80000)
 PSPermGen       total 21248K, used 16600K [0x000000009ba00000, 0x000000009cec0000, 0x00000000a0c00000)
  object space 21248K, 78% used [0x000000009ba00000,0x000000009ca360e0,0x000000009cec0000)
Event: 90.782 GC heap after
Heap after GC invocations=250 (full 0):
 PSYoungGen      total 10752K, used 2828K [0x00000000e0400000, 0x00000000e1210000, 0x0000000100000000)
  eden space 7360K, 0% used [0x00000000e0400000,0x00000000e0400000,0x00000000e0b30000)
  from space 3392K, 83% used [0x00000000e0ec0000,0x00000000e1183030,0x00000000e1210000)
  to   space 3520K, 0% used [0x00000000e0b30000,0x00000000e0b30000,0x00000000e0ea0000)
 ParOldGen       total 65024K, used 61545K [0x00000000a0c00000, 0x00000000a4b80000, 0x00000000e0400000)
  object space 65024K, 94% used [0x00000000a0c00000,0x00000000a481a7f8,0x00000000a4b80000)
 PSPermGen       total 21248K, used 16600K [0x000000009ba00000, 0x000000009cec0000, 0x00000000a0c00000)
  object space 21248K, 78% used [0x000000009ba00000,0x000000009ca360e0,0x000000009cec0000)
}
Event: 90.894 GC heap before
{Heap before GC invocations=251 (full 0):
 PSYoungGen      total 10752K, used 9667K [0x00000000e0400000, 0x00000000e1210000, 0x0000000100000000)
  eden space 7360K, 92% used [0x00000000e0400000,0x00000000e0aadef0,0x00000000e0b30000)
  from space 3392K, 83% used [0x00000000e0ec0000,0x00000000e1183030,0x00000000e1210000)
  to   space 3520K, 0% used [0x00000000e0b30000,0x00000000e0b30000,0x00000000e0ea0000)
 ParOldGen       total 65024K, used 61545K [0x00000000a0c00000, 0x00000000a4b80000, 0x00000000e0400000)
  object space 65024K, 94% used [0x00000000a0c00000,0x00000000a481a7f8,0x00000000a4b80000)
 PSPermGen       total 21248K, used 16600K [0x000000009ba00000, 0x000000009cec0000, 0x00000000a0c00000)
  object space 21248K, 78% used [0x000000009ba00000,0x000000009ca360e0,0x000000009cec0000)
Event: 90.896 GC heap after
Heap after GC invocations=251 (full 0):
 PSYoungGen      total 10880K, used 2828K [0x00000000e0400000, 0x00000000e1380000, 0x0000000100000000)
  eden space 7360K, 0% used [0x00000000e0400000,0x00000000e0400000,0x00000000e0b30000)
  from space 3520K, 80% used [0x00000000e0b30000,0x00000000e0df3030,0x00000000e0ea0000)
  to   space 3520K, 0% used [0x00000000e1010000,0x00000000e1010000,0x00000000e1380000)
 ParOldGen       total 65024K, used 62467K [0x00000000a0c00000, 0x00000000a4b80000, 0x00000000e0400000)
  object space 65024K, 96% used [0x00000000a0c00000,0x00000000a4900db8,0x00000000a4b80000)
 PSPermGen       total 21248K, used 16600K [0x000000009ba00000, 0x000000009cec0000, 0x00000000a0c00000)
  object space 21248K, 78% used [0x000000009ba00000,0x000000009ca360e0,0x000000009cec0000)
}
Event: 91.068 GC heap before
{Heap before GC invocations=252 (full 0):
 PSYoungGen      total 10880K, used 9584K [0x00000000e0400000, 0x00000000e1380000, 0x0000000100000000)
  eden space 7360K, 91% used [0x00000000e0400000,0x00000000e0a99358,0x00000000e0b30000)
  from space 3520K, 80% used [0x00000000e0b30000,0x00000000e0df3030,0x00000000e0ea0000)
  to   space 3520K, 0% used [0x00000000e1010000,0x00000000e1010000,0x00000000e1380000)
 ParOldGen       total 65024K, used 62467K [0x00000000a0c00000, 0x00000000a4b80000, 0x00000000e0400000)
  object space 65024K, 96% used [0x00000000a0c00000,0x00000000a4900db8,0x00000000a4b80000)
 PSPermGen       total 21248K, used 16600K [0x000000009ba00000, 0x000000009cec0000, 0x00000000a0c00000)
  object space 21248K, 78% used [0x000000009ba00000,0x000000009ca36238,0x000000009cec0000)
Event: 91.069 GC heap after
Heap after GC invocations=252 (full 0):
 PSYoungGen      total 12288K, used 1896K [0x00000000e0400000, 0x00000000e13a0000, 0x0000000100000000)
  eden space 8768K, 0% used [0x00000000e0400000,0x00000000e0400000,0x00000000e0c90000)
  from space 3520K, 53% used [0x00000000e1010000,0x00000000e11ea020,0x00000000e1380000)
  to   space 3584K, 0% used [0x00000000e0c90000,0x00000000e0c90000,0x00000000e1010000)
 ParOldGen       total 65024K, used 62488K [0x00000000a0c00000, 0x00000000a4b80000, 0x00000000e0400000)
  object space 65024K, 96% used [0x00000000a0c00000,0x00000000a4906368,0x00000000a4b80000)
 PSPermGen       total 21248K, used 16600K [0x000000009ba00000, 0x000000009cec0000, 0x00000000a0c00000)
  object space 21248K, 78% used [0x000000009ba00000,0x000000009ca36238,0x000000009cec0000)
}
Event: 91.227 GC heap before
{Heap before GC invocations=253 (full 0):
 PSYoungGen      total 12288K, used 10454K [0x00000000e0400000, 0x00000000e13a0000, 0x0000000100000000)
  eden space 8768K, 97% used [0x00000000e0400000,0x00000000e0c5b918,0x00000000e0c90000)
  from space 3520K, 53% used [0x00000000e1010000,0x00000000e11ea020,0x00000000e1380000)
  to   space 3584K, 0% used [0x00000000e0c90000,0x00000000e0c90000,0x00000000e1010000)
 ParOldGen       total 65024K, used 62488K [0x00000000a0c00000, 0x00000000a4b80000, 0x00000000e0400000)
  object space 65024K, 96% used [0x00000000a0c00000,0x00000000a4906368,0x00000000a4b80000)
 PSPermGen       total 21248K, used 16600K [0x000000009ba00000, 0x000000009cec0000, 0x00000000a0c00000)
  object space 21248K, 78% used [0x000000009ba00000,0x000000009ca362e8,0x000000009cec0000)
Event: 91.229 GC heap after
Heap after GC invocations=253 (full 0):
 PSYoungGen      total 12352K, used 2860K [0x00000000e0400000, 0x00000000e1530000, 0x0000000100000000)
  eden space 8768K, 0% used [0x00000000e0400000,0x00000000e0400000,0x00000000e0c90000)
  from space 3584K, 79% used [0x00000000e0c90000,0x00000000e0f5b030,0x00000000e1010000)
  to   space 3520K, 0% used [0x00000000e11c0000,0x00000000e11c0000,0x00000000e1530000)
 ParOldGen       total 65024K, used 63418K [0x00000000a0c00000, 0x00000000a4b80000, 0x00000000e0400000)
  object space 65024K, 97% used [0x00000000a0c00000,0x00000000a49ee928,0x00000000a4b80000)
 PSPermGen       total 21248K, used 16600K [0x000000009ba00000, 0x000000009cec0000, 0x00000000a0c00000)
  object space 21248K, 78% used [0x000000009ba00000,0x000000009ca362e8,0x000000009cec0000)
}
Event: 91.262 GC heap before
{Heap before GC invocations=254 (full 1):
 PSYoungGen      total 12352K, used 2860K [0x00000000e0400000, 0x00000000e1530000, 0x0000000100000000)
  eden space 8768K, 0% used [0x00000000e0400000,0x00000000e0400000,0x00000000e0c90000)
  from space 3584K, 79% used [0x00000000e0c90000,0x00000000e0f5b030,0x00000000e1010000)
  to   space 3520K, 0% used [0x00000000e11c0000,0x00000000e11c0000,0x00000000e1530000)
 ParOldGen       total 65024K, used 63418K [0x00000000a0c00000, 0x00000000a4b80000, 0x00000000e0400000)
  object space 65024K, 97% used [0x00000000a0c00000,0x00000000a49ee928,0x00000000a4b80000)
 PSPermGen       total 21248K, used 16600K [0x000000009ba00000, 0x000000009cec0000, 0x00000000a0c00000)
  object space 21248K, 78% used [0x000000009ba00000,0x000000009ca362e8,0x000000009cec0000)
Event: 91.315 GC heap after
Heap after GC invocations=254 (full 1):
 PSYoungGen      total 12352K, used 0K [0x00000000e0400000, 0x00000000e1530000, 0x0000000100000000)
  eden space 8768K, 0% used [0x00000000e0400000,0x00000000e0400000,0x00000000e0c90000)
  from space 3584K, 0% used [0x00000000e0c90000,0x00000000e0c90000,0x00000000e1010000)
  to   space 3520K, 0% used [0x00000000e11c0000,0x00000000e11c0000,0x00000000e1530000)
 ParOldGen       total 38336K, used 10423K [0x00000000a0c00000, 0x00000000a3170000, 0x00000000e0400000)
  object space 38336K, 27% used [0x00000000a0c00000,0x00000000a162deb0,0x00000000a3170000)
 PSPermGen       total 33728K, used 16592K [0x000000009ba00000, 0x000000009daf0000, 0x00000000a0c00000)
  object space 33728K, 49% used [0x000000009ba00000,0x000000009ca34290,0x000000009daf0000)
}

