# JRE version: Java(TM) SE Runtime Environment (8.0_05-b13) (build 1.8.0_05-b13)
# Java VM: Java HotSpot(TM) Client VM (25.5-b02 mixed mode windows-x86 )
Heap:
 def new generation   total 15552K, used 4353K [0x04c00000, 0x05cd0000, 0x0a150000)
  eden space 13888K,  24% used [0x04c00000, 0x04f5eb70, 0x05990000)
  from space 1664K,  54% used [0x05990000, 0x05a71a20, 0x05b30000)
  to   space 1664K,   0% used [0x05b30000, 0x05b30000, 0x05cd0000)
 tenured generation   total 34276K, used 28600K [0x0a150000, 0x0c2c9000, 0x14c00000)
   the space 34276K,  83% used [0x0a150000, 0x0bd3e368, 0x0bd3e400, 0x0c2c9000)
 Metaspace       used 9599K, capacity 9715K, committed 9728K, reserved 10624K
GC Heap History (10 events):
Event: 60.345 GC heap before
{Heap before GC invocations=24 (full 2):
 def new generation   total 15552K, used 14937K [0x04c00000, 0x05cd0000, 0x0a150000)
  eden space 13888K,  95% used [0x04c00000, 0x058f6668, 0x05990000)
  from space 1664K, 100% used [0x05b30000, 0x05cd0000, 0x05cd0000)
  to   space 1664K,   0% used [0x05990000, 0x05990000, 0x05b30000)
 tenured generation   total 34276K, used 27580K [0x0a150000, 0x0c2c9000, 0x14c00000)
   the space 34276K,  80% used [0x0a150000, 0x0bc3f0e0, 0x0bc3f200, 0x0c2c9000)
 Metaspace       used 9599K, capacity 9715K, committed 9728K, reserved 10624K
Event: 60.348 GC heap after
Heap after GC invocations=25 (full 2):
 def new generation   total 15552K, used 1156K [0x04c00000, 0x05cd0000, 0x0a150000)
  eden space 13888K,   0% used [0x04c00000, 0x04c00000, 0x05990000)
  from space 1664K,  69% used [0x05990000, 0x05ab1208, 0x05b30000)
  to   space 1664K,   0% used [0x05b30000, 0x05b30000, 0x05cd0000)
 tenured generation   total 34276K, used 28331K [0x0a150000, 0x0c2c9000, 0x14c00000)
   the space 34276K,  82% used [0x0a150000, 0x0bcfaeb8, 0x0bcfb000, 0x0c2c9000)
 Metaspace       used 9599K, capacity 9715K, committed 9728K, reserved 10624K
}
Event: 60.970 GC heap before
{Heap before GC invocations=25 (full 2):
 def new generation   total 15552K, used 14832K [0x04c00000, 0x05cd0000, 0x0a150000)
  eden space 13888K,  98% used [0x04c00000, 0x0595b0c0, 0x05990000)
  from space 1664K,  69% used [0x05990000, 0x05ab1208, 0x05b30000)
  to   space 1664K,   0% used [0x05b30000, 0x05b30000, 0x05cd0000)
 tenured generation   total 34276K, used 28331K [0x0a150000, 0x0c2c9000, 0x14c00000)
   the space 34276K,  82% used [0x0a150000, 0x0bcfaeb8, 0x0bcfb000, 0x0c2c9000)
 Metaspace       used 9599K, capacity 9715K, committed 9728K, reserved 10624K
Event: 60.971 GC heap after
Heap after GC invocations=26 (full 2):
 def new generation   total 15552K, used 916K [0x04c00000, 0x05cd0000, 0x0a150000)
  eden space 13888K,   0% used [0x04c00000, 0x04c00000, 0x05990000)
  from space 1664K,  55% used [0x05b30000, 0x05c152a8, 0x05cd0000)
  to   space 1664K,   0% used [0x05990000, 0x05990000, 0x05b30000)
 tenured generation   total 34276K, used 28586K [0x0a150000, 0x0c2c9000, 0x14c00000)
   the space 34276K,  83% used [0x0a150000, 0x0bd3a8a8, 0x0bd3aa00, 0x0c2c9000)
 Metaspace       used 9599K, capacity 9715K, committed 9728K, reserved 10624K
}
Event: 61.593 GC heap before
{Heap before GC invocations=26 (full 2):
 def new generation   total 15552K, used 14537K [0x04c00000, 0x05cd0000, 0x0a150000)
  eden space 13888K,  98% used [0x04c00000, 0x0594d290, 0x05990000)
  from space 1664K,  55% used [0x05b30000, 0x05c152a8, 0x05cd0000)
  to   space 1664K,   0% used [0x05990000, 0x05990000, 0x05b30000)
 tenured generation   total 34276K, used 28586K [0x0a150000, 0x0c2c9000, 0x14c00000)
   the space 34276K,  83% used [0x0a150000, 0x0bd3a8a8, 0x0bd3aa00, 0x0c2c9000)
 Metaspace       used 9599K, capacity 9715K, committed 9728K, reserved 10624K
Event: 61.595 GC heap after
Heap after GC invocations=27 (full 2):
 def new generation   total 15552K, used 902K [0x04c00000, 0x05cd0000, 0x0a150000)
  eden space 13888K,   0% used [0x04c00000, 0x04c00000, 0x05990000)
  from space 1664K,  54% used [0x05990000, 0x05a71a50, 0x05b30000)
  to   space 1664K,   0% used [0x05b30000, 0x05b30000, 0x05cd0000)
 tenured generation   total 34276K, used 28600K [0x0a150000, 0x0c2c9000, 0x14c00000)
   the space 34276K,  83% used [0x0a150000, 0x0bd3e298, 0x0bd3e400, 0x0c2c9000)
 Metaspace       used 9599K, capacity 9715K, committed 9728K, reserved 10624K
}
Event: 62.217 GC heap before
{Heap before GC invocations=27 (full 2):
 def new generation   total 15552K, used 14546K [0x04c00000, 0x05cd0000, 0x0a150000)
  eden space 13888K,  98% used [0x04c00000, 0x05952f68, 0x05990000)
  from space 1664K,  54% used [0x05990000, 0x05a71a50, 0x05b30000)
  to   space 1664K,   0% used [0x05b30000, 0x05b30000, 0x05cd0000)
 tenured generation   total 34276K, used 28600K [0x0a150000, 0x0c2c9000, 0x14c00000)
   the space 34276K,  83% used [0x0a150000, 0x0bd3e298, 0x0bd3e400, 0x0c2c9000)
 Metaspace       used 9599K, capacity 9715K, committed 9728K, reserved 10624K
Event: 62.218 GC heap after
Heap after GC invocations=28 (full 2):
 def new generation   total 15552K, used 902K [0x04c00000, 0x05cd0000, 0x0a150000)
  eden space 13888K,   0% used [0x04c00000, 0x04c00000, 0x05990000)
  from space 1664K,  54% used [0x05b30000, 0x05c118b8, 0x05cd0000)
  to   space 1664K,   0% used [0x05990000, 0x05990000, 0x05b30000)
 tenured generation   total 34276K, used 28600K [0x0a150000, 0x0c2c9000, 0x14c00000)
   the space 34276K,  83% used [0x0a150000, 0x0bd3e318, 0x0bd3e400, 0x0c2c9000)
 Metaspace       used 9599K, capacity 9715K, committed 9728K, reserved 10624K
}
Event: 62.841 GC heap before
{Heap before GC invocations=28 (full 2):
 def new generation   total 15552K, used 14529K [0x04c00000, 0x05cd0000, 0x0a150000)
  eden space 13888K,  98% used [0x04c00000, 0x0594ef08, 0x05990000)
  from space 1664K,  54% used [0x05b30000, 0x05c118b8, 0x05cd0000)
  to   space 1664K,   0% used [0x05990000, 0x05990000, 0x05b30000)
 tenured generation   total 34276K, used 28600K [0x0a150000, 0x0c2c9000, 0x14c00000)
   the space 34276K,  83% used [0x0a150000, 0x0bd3e318, 0x0bd3e400, 0x0c2c9000)
 Metaspace       used 9599K, capacity 9715K, committed 9728K, reserved 10624K
Event: 62.842 GC heap after
Heap after GC invocations=29 (full 2):
 def new generation   total 15552K, used 902K [0x04c00000, 0x05cd0000, 0x0a150000)
  eden space 13888K,   0% used [0x04c00000, 0x04c00000, 0x05990000)
  from space 1664K,  54% used [0x05990000, 0x05a71a20, 0x05b30000)
  to   space 1664K,   0% used [0x05b30000, 0x05b30000, 0x05cd0000)
 tenured generation   total 34276K, used 28600K [0x0a150000, 0x0c2c9000, 0x14c00000)
   the space 34276K,  83% used [0x0a150000, 0x0bd3e368, 0x0bd3e400, 0x0c2c9000)
 Metaspace       used 9599K, capacity 9715K, committed 9728K, reserved 10624K
}

