# JRE version: Java(TM) SE Runtime Environment (8.0_05-b13) (build 1.8.0_05-b13)
# Java VM: Java HotSpot(TM) Client VM (25.5-b02 mixed mode, sharing windows-x86 )
Heap:
 def new generation   total 18816K, used 1029K [0x04a00000, 0x05e60000, 0x09f50000)
  eden space 16768K,   6% used [0x04a00000, 0x04b016a0, 0x05a60000)
  from space 2048K,   0% used [0x05a60000, 0x05a60000, 0x05c60000)
  to   space 2048K,   0% used [0x05c60000, 0x05c60000, 0x05e60000)
 tenured generation   total 41644K, used 24984K [0x09f50000, 0x0c7fb000, 0x14a00000)
   the space 41644K,  59% used [0x09f50000, 0x0b7b6200, 0x0b7b6200, 0x0c7fb000)
 Metaspace       used 2981K, capacity 3371K, committed 3392K, reserved 4480K
GC Heap History (10 events):
Event: 163.216 GC heap before
{Heap before GC invocations=110 (full 6):
 def new generation   total 12672K, used 11844K [0x04a00000, 0x057c0000, 0x09f50000)
  eden space 11264K,  96% used [0x04a00000, 0x054a4fd8, 0x05500000)
  from space 1408K,  67% used [0x05500000, 0x055ec2f8, 0x05660000)
  to   space 1408K,   0% used [0x05660000, 0x05660000, 0x057c0000)
 tenured generation   total 28060K, used 24039K [0x09f50000, 0x0bab7000, 0x14a00000)
   the space 28060K,  85% used [0x09f50000, 0x0b6c9ff8, 0x0b6ca000, 0x0bab7000)
 Metaspace       used 2983K, capacity 3374K, committed 3392K, reserved 4480K
Event: 163.218 GC heap after
Heap after GC invocations=111 (full 6):
 def new generation   total 12672K, used 902K [0x04a00000, 0x057c0000, 0x09f50000)
  eden space 11264K,   0% used [0x04a00000, 0x04a00000, 0x05500000)
  from space 1408K,  64% used [0x05660000, 0x05741960, 0x057c0000)
  to   space 1408K,   0% used [0x05500000, 0x05500000, 0x05660000)
 tenured generation   total 28060K, used 24982K [0x09f50000, 0x0bab7000, 0x14a00000)
   the space 28060K,  89% used [0x09f50000, 0x0b7b59a0, 0x0b7b5a00, 0x0bab7000)
 Metaspace       used 2983K, capacity 3374K, committed 3392K, reserved 4480K
}
Event: 164.064 GC heap before
{Heap before GC invocations=111 (full 6):
 def new generation   total 12672K, used 11782K [0x04a00000, 0x057c0000, 0x09f50000)
  eden space 11264K,  96% used [0x04a00000, 0x054a0268, 0x05500000)
  from space 1408K,  64% used [0x05660000, 0x05741960, 0x057c0000)
  to   space 1408K,   0% used [0x05500000, 0x05500000, 0x05660000)
 tenured generation   total 28060K, used 24982K [0x09f50000, 0x0bab7000, 0x14a00000)
   the space 28060K,  89% used [0x09f50000, 0x0b7b59a0, 0x0b7b5a00, 0x0bab7000)
 Metaspace       used 2983K, capacity 3374K, committed 3392K, reserved 4480K
Event: 164.066 GC heap after
Heap after GC invocations=112 (full 6):
 def new generation   total 12672K, used 902K [0x04a00000, 0x057c0000, 0x09f50000)
  eden space 11264K,   0% used [0x04a00000, 0x04a00000, 0x05500000)
  from space 1408K,  64% used [0x05500000, 0x055e1a00, 0x05660000)
  to   space 1408K,   0% used [0x05660000, 0x05660000, 0x057c0000)
 tenured generation   total 28060K, used 25882K [0x09f50000, 0x0bab7000, 0x14a00000)
   the space 28060K,  92% used [0x09f50000, 0x0b896a00, 0x0b896a00, 0x0bab7000)
 Metaspace       used 2983K, capacity 3374K, committed 3392K, reserved 4480K
}
Event: 164.912 GC heap before
{Heap before GC invocations=112 (full 6):
 def new generation   total 12672K, used 11761K [0x04a00000, 0x057c0000, 0x09f50000)
  eden space 11264K,  96% used [0x04a00000, 0x0549aa60, 0x05500000)
  from space 1408K,  64% used [0x05500000, 0x055e1a00, 0x05660000)
  to   space 1408K,   0% used [0x05660000, 0x05660000, 0x057c0000)
 tenured generation   total 28060K, used 25882K [0x09f50000, 0x0bab7000, 0x14a00000)
   the space 28060K,  92% used [0x09f50000, 0x0b896a00, 0x0b896a00, 0x0bab7000)
 Metaspace       used 2983K, capacity 3374K, committed 3392K, reserved 4480K
Event: 164.914 GC heap after
Heap after GC invocations=113 (full 6):
 def new generation   total 12672K, used 902K [0x04a00000, 0x057c0000, 0x09f50000)
  eden space 11264K,   0% used [0x04a00000, 0x04a00000, 0x05500000)
  from space 1408K,  64% used [0x05660000, 0x05741960, 0x057c0000)
  to   space 1408K,   0% used [0x05500000, 0x05500000, 0x05660000)
 tenured generation   total 28060K, used 26782K [0x09f50000, 0x0bab7000, 0x14a00000)
   the space 28060K,  95% used [0x09f50000, 0x0b977a60, 0x0b977c00, 0x0bab7000)
 Metaspace       used 2983K, capacity 3374K, committed 3392K, reserved 4480K
}
Event: 165.760 GC heap before
{Heap before GC invocations=113 (full 6):
 def new generation   total 12672K, used 11761K [0x04a00000, 0x057c0000, 0x09f50000)
  eden space 11264K,  96% used [0x04a00000, 0x0549ad78, 0x05500000)
  from space 1408K,  64% used [0x05660000, 0x05741960, 0x057c0000)
  to   space 1408K,   0% used [0x05500000, 0x05500000, 0x05660000)
 tenured generation   total 28060K, used 26782K [0x09f50000, 0x0bab7000, 0x14a00000)
   the space 28060K,  95% used [0x09f50000, 0x0b977a60, 0x0b977c00, 0x0bab7000)
 Metaspace       used 2983K, capacity 3374K, committed 3392K, reserved 4480K
Event: 165.762 GC heap after
Heap after GC invocations=114 (full 6):
 def new generation   total 12672K, used 902K [0x04a00000, 0x057c0000, 0x09f50000)
  eden space 11264K,   0% used [0x04a00000, 0x04a00000, 0x05500000)
  from space 1408K,  64% used [0x05500000, 0x055e1960, 0x05660000)
  to   space 1408K,   0% used [0x05660000, 0x05660000, 0x057c0000)
 tenured generation   total 28060K, used 27682K [0x09f50000, 0x0bab7000, 0x14a00000)
   the space 28060K,  98% used [0x09f50000, 0x0ba58ac0, 0x0ba58c00, 0x0bab7000)
 Metaspace       used 2983K, capacity 3374K, committed 3392K, reserved 4480K
}
Event: 166.624 GC heap before
{Heap before GC invocations=114 (full 6):
 def new generation   total 12672K, used 11749K [0x04a00000, 0x057c0000, 0x09f50000)
  eden space 11264K,  96% used [0x04a00000, 0x05497e48, 0x05500000)
  from space 1408K,  64% used [0x05500000, 0x055e1960, 0x05660000)
  to   space 1408K,   0% used [0x05660000, 0x05660000, 0x057c0000)
 tenured generation   total 28060K, used 27682K [0x09f50000, 0x0bab7000, 0x14a00000)
   the space 28060K,  98% used [0x09f50000, 0x0ba58ac0, 0x0ba58c00, 0x0bab7000)
 Metaspace       used 2983K, capacity 3374K, committed 3392K, reserved 4480K
Event: 166.672 GC heap after
Heap after GC invocations=115 (full 7):
 def new generation   total 18816K, used 0K [0x04a00000, 0x05e60000, 0x09f50000)
  eden space 16768K,   0% used [0x04a00000, 0x04a00000, 0x05a60000)
  from space 2048K,   0% used [0x05a60000, 0x05a60000, 0x05c60000)
  to   space 2048K,   0% used [0x05c60000, 0x05c60000, 0x05e60000)
 tenured generation   total 41644K, used 24984K [0x09f50000, 0x0c7fb000, 0x14a00000)
   the space 41644K,  59% used [0x09f50000, 0x0b7b6200, 0x0b7b6200, 0x0c7fb000)
 Metaspace       used 2981K, capacity 3371K, committed 3392K, reserved 4480K
}

