# JRE version: Java(TM) SE Runtime Environment (8.0_05-b13) (build 1.8.0_05-b13)
# Java VM: Java HotSpot(TM) Client VM (25.5-b02 mixed mode, sharing windows-x86 )
Heap:
 def new generation   total 4928K, used 1183K [0x04800000, 0x04d50000, 0x09d50000)
  eden space 4416K,  15% used [0x04800000, 0x048a7ee8, 0x04c50000)
  from space 512K, 100% used [0x04c50000, 0x04cd0000, 0x04cd0000)
  to   space 512K,   0% used [0x04cd0000, 0x04cd0000, 0x04d50000)
 tenured generation   total 10944K, used 7064K [0x09d50000, 0x0a800000, 0x14800000)
   the space 10944K,  64% used [0x09d50000, 0x0a436250, 0x0a436400, 0x0a800000)
 Metaspace       used 1914K, capacity 2654K, committed 2752K, reserved 4480K
GC Heap History (8 events):
Event: 0.369 GC heap before
{Heap before GC invocations=0 (full 0):
 def new generation   total 4928K, used 3838K [0x04800000, 0x04d50000, 0x09d50000)
  eden space 4416K,  86% used [0x04800000, 0x04bbfa68, 0x04c50000)
  from space 512K,   0% used [0x04c50000, 0x04c50000, 0x04cd0000)
  to   space 512K,   0% used [0x04cd0000, 0x04cd0000, 0x04d50000)
 tenured generation   total 10944K, used 0K [0x09d50000, 0x0a800000, 0x14800000)
   the space 10944K,   0% used [0x09d50000, 0x09d50000, 0x09d50200, 0x0a800000)
 Metaspace       used 1135K, capacity 2395K, committed 2496K, reserved 4480K
Event: 0.380 GC heap after
Heap after GC invocations=1 (full 0):
 def new generation   total 4928K, used 512K [0x04800000, 0x04d50000, 0x09d50000)
  eden space 4416K,   0% used [0x04800000, 0x04800000, 0x04c50000)
  from space 512K, 100% used [0x04cd0000, 0x04d50000, 0x04d50000)
  to   space 512K,   0% used [0x04c50000, 0x04c50000, 0x04cd0000)
 tenured generation   total 10944K, used 1066K [0x09d50000, 0x0a800000, 0x14800000)
   the space 10944K,   9% used [0x09d50000, 0x09e5a9e0, 0x09e5aa00, 0x0a800000)
 Metaspace       used 1135K, capacity 2395K, committed 2496K, reserved 4480K
}
Event: 2.607 GC heap before
{Heap before GC invocations=1 (full 0):
 def new generation   total 4928K, used 2280K [0x04800000, 0x04d50000, 0x09d50000)
  eden space 4416K,  40% used [0x04800000, 0x049ba3d0, 0x04c50000)
  from space 512K, 100% used [0x04cd0000, 0x04d50000, 0x04d50000)
  to   space 512K,   0% used [0x04c50000, 0x04c50000, 0x04cd0000)
 tenured generation   total 10944K, used 1066K [0x09d50000, 0x0a800000, 0x14800000)
   the space 10944K,   9% used [0x09d50000, 0x09e5a9e0, 0x09e5aa00, 0x0a800000)
 Metaspace       used 1241K, capacity 2395K, committed 2496K, reserved 4480K
Event: 2.612 GC heap after
Heap after GC invocations=2 (full 0):
 def new generation   total 4928K, used 43K [0x04800000, 0x04d50000, 0x09d50000)
  eden space 4416K,   0% used [0x04800000, 0x04800000, 0x04c50000)
  from space 512K,   8% used [0x04c50000, 0x04c5ae88, 0x04cd0000)
  to   space 512K,   0% used [0x04cd0000, 0x04cd0000, 0x04d50000)
 tenured generation   total 10944K, used 3085K [0x09d50000, 0x0a800000, 0x14800000)
   the space 10944K,  28% used [0x09d50000, 0x0a0534a8, 0x0a053600, 0x0a800000)
 Metaspace       used 1241K, capacity 2395K, committed 2496K, reserved 4480K
}
Event: 4.060 GC heap before
{Heap before GC invocations=2 (full 0):
 def new generation   total 4928K, used 4459K [0x04800000, 0x04d50000, 0x09d50000)
  eden space 4416K, 100% used [0x04800000, 0x04c50000, 0x04c50000)
  from space 512K,   8% used [0x04c50000, 0x04c5ae88, 0x04cd0000)
  to   space 512K,   0% used [0x04cd0000, 0x04cd0000, 0x04d50000)
 tenured generation   total 10944K, used 3085K [0x09d50000, 0x0a800000, 0x14800000)
   the space 10944K,  28% used [0x09d50000, 0x0a0534a8, 0x0a053600, 0x0a800000)
 Metaspace       used 1445K, capacity 2395K, committed 2496K, reserved 4480K
Event: 4.066 GC heap after
Heap after GC invocations=3 (full 0):
 def new generation   total 4928K, used 141K [0x04800000, 0x04d50000, 0x09d50000)
  eden space 4416K,   0% used [0x04800000, 0x04800000, 0x04c50000)
  from space 512K,  27% used [0x04cd0000, 0x04cf3620, 0x04d50000)
  to   space 512K,   0% used [0x04c50000, 0x04c50000, 0x04cd0000)
 tenured generation   total 10944K, used 6900K [0x09d50000, 0x0a800000, 0x14800000)
   the space 10944K,  63% used [0x09d50000, 0x0a40d180, 0x0a40d200, 0x0a800000)
 Metaspace       used 1445K, capacity 2395K, committed 2496K, reserved 4480K
}
Event: 13.474 GC heap before
{Heap before GC invocations=3 (full 0):
 def new generation   total 4928K, used 4554K [0x04800000, 0x04d50000, 0x09d50000)
  eden space 4416K,  99% used [0x04800000, 0x04c4f1e8, 0x04c50000)
  from space 512K,  27% used [0x04cd0000, 0x04cf3620, 0x04d50000)
  to   space 512K,   0% used [0x04c50000, 0x04c50000, 0x04cd0000)
 tenured generation   total 10944K, used 6900K [0x09d50000, 0x0a800000, 0x14800000)
   the space 10944K,  63% used [0x09d50000, 0x0a40d180, 0x0a40d200, 0x0a800000)
 Metaspace       used 1870K, capacity 2590K, committed 2624K, reserved 4480K
Event: 13.478 GC heap after
Heap after GC invocations=4 (full 0):
 def new generation   total 4928K, used 512K [0x04800000, 0x04d50000, 0x09d50000)
  eden space 4416K,   0% used [0x04800000, 0x04800000, 0x04c50000)
  from space 512K, 100% used [0x04c50000, 0x04cd0000, 0x04cd0000)
  to   space 512K,   0% used [0x04cd0000, 0x04cd0000, 0x04d50000)
 tenured generation   total 10944K, used 7064K [0x09d50000, 0x0a800000, 0x14800000)
   the space 10944K,  64% used [0x09d50000, 0x0a436250, 0x0a436400, 0x0a800000)
 Metaspace       used 1870K, capacity 2590K, committed 2624K, reserved 4480K
}

