# JRE version: 7.0_15-b03
# Java VM: Java HotSpot(TM) 64-Bit Server VM (23.7-b01 mixed mode windows-amd64 compressed oops)
Heap
 PSYoungGen      total 41920K, used 40978K [0x00000000e0400000, 0x00000000e4610000, 0x0000000100000000)
  eden space 40768K, 97% used [0x00000000e0400000,0x00000000e2af3888,0x00000000e2bd0000)
  from space 1152K, 94% used [0x00000000e2d10000,0x00000000e2e21010,0x00000000e2e30000)
  to   space 13440K, 0% used [0x00000000e38f0000,0x00000000e38f0000,0x00000000e4610000)
 ParOldGen       total 65024K, used 25812K [0x00000000a0c00000, 0x00000000a4b80000, 0x00000000e0400000)
  object space 65024K, 39% used [0x00000000a0c00000,0x00000000a2535310,0x00000000a4b80000)
 PSPermGen       total 21248K, used 15778K [0x000000009ba00000, 0x000000009cec0000, 0x00000000a0c00000)
  object space 21248K, 74% used [0x000000009ba00000,0x000000009c968ab8,0x000000009cec0000)
GC Heap History (10 events):
Event: 36.131 GC heap before
{Heap before GC invocations=7 (full 0):
 PSYoungGen      total 60800K, used 57579K [0x00000000e0400000, 0x00000000e4ee0000, 0x0000000100000000)
  eden space 47808K, 99% used [0x00000000e0400000,0x00000000e3285398,0x00000000e32b0000)
  from space 12992K, 76% used [0x00000000e4050000,0x00000000e4a05890,0x00000000e4d00000)
  to   space 13952K, 0% used [0x00000000e32b0000,0x00000000e32b0000,0x00000000e4050000)
 ParOldGen       total 65024K, used 16939K [0x00000000a0c00000, 0x00000000a4b80000, 0x00000000e0400000)
  object space 65024K, 26% used [0x00000000a0c00000,0x00000000a1c8adc0,0x00000000a4b80000)
 PSPermGen       total 21248K, used 15621K [0x000000009ba00000, 0x000000009cec0000, 0x00000000a0c00000)
  object space 21248K, 73% used [0x000000009ba00000,0x000000009c941590,0x000000009cec0000)
Event: 36.154 GC heap after
Heap after GC invocations=7 (full 0):
 PSYoungGen      total 54208K, used 7922K [0x00000000e0400000, 0x00000000e4b70000, 0x0000000100000000)
  eden space 46272K, 0% used [0x00000000e0400000,0x00000000e0400000,0x00000000e3130000)
  from space 7936K, 99% used [0x00000000e32b0000,0x00000000e3a6cb08,0x00000000e3a70000)
  to   space 13440K, 0% used [0x00000000e3e50000,0x00000000e3e50000,0x00000000e4b70000)
 ParOldGen       total 65024K, used 18620K [0x00000000a0c00000, 0x00000000a4b80000, 0x00000000e0400000)
  object space 65024K, 28% used [0x00000000a0c00000,0x00000000a1e2f038,0x00000000a4b80000)
 PSPermGen       total 21248K, used 15621K [0x000000009ba00000, 0x000000009cec0000, 0x00000000a0c00000)
  object space 21248K, 73% used [0x000000009ba00000,0x000000009c941590,0x000000009cec0000)
}
Event: 42.363 GC heap before
{Heap before GC invocations=8 (full 0):
 PSYoungGen      total 54208K, used 54194K [0x00000000e0400000, 0x00000000e4b70000, 0x0000000100000000)
  eden space 46272K, 100% used [0x00000000e0400000,0x00000000e3130000,0x00000000e3130000)
  from space 7936K, 99% used [0x00000000e32b0000,0x00000000e3a6cb08,0x00000000e3a70000)
  to   space 13440K, 0% used [0x00000000e3e50000,0x00000000e3e50000,0x00000000e4b70000)
 ParOldGen       total 65024K, used 18620K [0x00000000a0c00000, 0x00000000a4b80000, 0x00000000e0400000)
  object space 65024K, 28% used [0x00000000a0c00000,0x00000000a1e2f038,0x00000000a4b80000)
 PSPermGen       total 21248K, used 15642K [0x000000009ba00000, 0x000000009cec0000, 0x00000000a0c00000)
  object space 21248K, 73% used [0x000000009ba00000,0x000000009c946980,0x000000009cec0000)
Event: 42.373 GC heap after
Heap after GC invocations=8 (full 0):
 PSYoungGen      total 56128K, used 8018K [0x00000000e0400000, 0x00000000e4960000, 0x0000000100000000)
  eden space 44800K, 0% used [0x00000000e0400000,0x00000000e0400000,0x00000000e2fc0000)
  from space 11328K, 70% used [0x00000000e3e50000,0x00000000e4624b08,0x00000000e4960000)
  to   space 13120K, 0% used [0x00000000e2fc0000,0x00000000e2fc0000,0x00000000e3c90000)
 ParOldGen       total 65024K, used 18670K [0x00000000a0c00000, 0x00000000a4b80000, 0x00000000e0400000)
  object space 65024K, 28% used [0x00000000a0c00000,0x00000000a1e3bb98,0x00000000a4b80000)
 PSPermGen       total 21248K, used 15642K [0x000000009ba00000, 0x000000009cec0000, 0x00000000a0c00000)
  object space 21248K, 73% used [0x000000009ba00000,0x000000009c946980,0x000000009cec0000)
}
Event: 47.715 GC heap before
{Heap before GC invocations=9 (full 0):
 PSYoungGen      total 56128K, used 52210K [0x00000000e0400000, 0x00000000e4960000, 0x0000000100000000)
  eden space 44800K, 98% used [0x00000000e0400000,0x00000000e2f27f18,0x00000000e2fc0000)
  from space 11328K, 70% used [0x00000000e3e50000,0x00000000e4624b08,0x00000000e4960000)
  to   space 13120K, 0% used [0x00000000e2fc0000,0x00000000e2fc0000,0x00000000e3c90000)
 ParOldGen       total 65024K, used 18670K [0x00000000a0c00000, 0x00000000a4b80000, 0x00000000e0400000)
  object space 65024K, 28% used [0x00000000a0c00000,0x00000000a1e3bb98,0x00000000a4b80000)
 PSPermGen       total 21248K, used 15722K [0x000000009ba00000, 0x000000009cec0000, 0x00000000a0c00000)
  object space 21248K, 73% used [0x000000009ba00000,0x000000009c95ab18,0x000000009cec0000)
Event: 47.733 GC heap after
Heap after GC invocations=9 (full 0):
 PSYoungGen      total 46464K, used 3020K [0x00000000e0400000, 0x00000000e4820000, 0x0000000100000000)
  eden space 43392K, 0% used [0x00000000e0400000,0x00000000e0400000,0x00000000e2e60000)
  from space 3072K, 98% used [0x00000000e2fc0000,0x00000000e32b3030,0x00000000e32c0000)
  to   space 13184K, 0% used [0x00000000e3b40000,0x00000000e3b40000,0x00000000e4820000)
 ParOldGen       total 65024K, used 25529K [0x00000000a0c00000, 0x00000000a4b80000, 0x00000000e0400000)
  object space 65024K, 39% used [0x00000000a0c00000,0x00000000a24ee7b0,0x00000000a4b80000)
 PSPermGen       total 21248K, used 15722K [0x000000009ba00000, 0x000000009cec0000, 0x00000000a0c00000)
  object space 21248K, 73% used [0x000000009ba00000,0x000000009c95ab18,0x000000009cec0000)
}
Event: 53.523 GC heap before
{Heap before GC invocations=10 (full 0):
 PSYoungGen      total 46464K, used 46063K [0x00000000e0400000, 0x00000000e4820000, 0x0000000100000000)
  eden space 43392K, 99% used [0x00000000e0400000,0x00000000e2e08fb8,0x00000000e2e60000)
  from space 3072K, 98% used [0x00000000e2fc0000,0x00000000e32b3030,0x00000000e32c0000)
  to   space 13184K, 0% used [0x00000000e3b40000,0x00000000e3b40000,0x00000000e4820000)
 ParOldGen       total 65024K, used 25529K [0x00000000a0c00000, 0x00000000a4b80000, 0x00000000e0400000)
  object space 65024K, 39% used [0x00000000a0c00000,0x00000000a24ee7b0,0x00000000a4b80000)
 PSPermGen       total 21248K, used 15739K [0x000000009ba00000, 0x000000009cec0000, 0x00000000a0c00000)
  object space 21248K, 74% used [0x000000009ba00000,0x000000009c95edd0,0x000000009cec0000)
Event: 53.527 GC heap after
Heap after GC invocations=10 (full 0):
 PSYoungGen      total 53888K, used 2924K [0x00000000e0400000, 0x00000000e46d0000, 0x0000000100000000)
  eden space 42048K, 0% used [0x00000000e0400000,0x00000000e0400000,0x00000000e2d10000)
  from space 11840K, 24% used [0x00000000e3b40000,0x00000000e3e1b030,0x00000000e46d0000)
  to   space 13184K, 0% used [0x00000000e2d10000,0x00000000e2d10000,0x00000000e39f0000)
 ParOldGen       total 65024K, used 25711K [0x00000000a0c00000, 0x00000000a4b80000, 0x00000000e0400000)
  object space 65024K, 39% used [0x00000000a0c00000,0x00000000a251bd60,0x00000000a4b80000)
 PSPermGen       total 21248K, used 15739K [0x000000009ba00000, 0x000000009cec0000, 0x00000000a0c00000)
  object space 21248K, 74% used [0x000000009ba00000,0x000000009c95edd0,0x000000009cec0000)
}
Event: 59.171 GC heap before
{Heap before GC invocations=11 (full 0):
 PSYoungGen      total 53888K, used 44233K [0x00000000e0400000, 0x00000000e46d0000, 0x0000000100000000)
  eden space 42048K, 98% used [0x00000000e0400000,0x00000000e2c57468,0x00000000e2d10000)
  from space 11840K, 24% used [0x00000000e3b40000,0x00000000e3e1b030,0x00000000e46d0000)
  to   space 13184K, 0% used [0x00000000e2d10000,0x00000000e2d10000,0x00000000e39f0000)
 ParOldGen       total 65024K, used 25711K [0x00000000a0c00000, 0x00000000a4b80000, 0x00000000e0400000)
  object space 65024K, 39% used [0x00000000a0c00000,0x00000000a251bd60,0x00000000a4b80000)
 PSPermGen       total 21248K, used 15744K [0x000000009ba00000, 0x000000009cec0000, 0x00000000a0c00000)
  object space 21248K, 74% used [0x000000009ba00000,0x000000009c960130,0x000000009cec0000)
Event: 59.172 GC heap after
Heap after GC invocations=11 (full 0):
 PSYoungGen      total 41920K, used 1092K [0x00000000e0400000, 0x00000000e4610000, 0x0000000100000000)
  eden space 40768K, 0% used [0x00000000e0400000,0x00000000e0400000,0x00000000e2bd0000)
  from space 1152K, 94% used [0x00000000e2d10000,0x00000000e2e21010,0x00000000e2e30000)
  to   space 13440K, 0% used [0x00000000e38f0000,0x00000000e38f0000,0x00000000e4610000)
 ParOldGen       total 65024K, used 25812K [0x00000000a0c00000, 0x00000000a4b80000, 0x00000000e0400000)
  object space 65024K, 39% used [0x00000000a0c00000,0x00000000a2535310,0x00000000a4b80000)
 PSPermGen       total 21248K, used 15744K [0x000000009ba00000, 0x000000009cec0000, 0x00000000a0c00000)
  object space 21248K, 74% used [0x000000009ba00000,0x000000009c960130,0x000000009cec0000)
}

