# JRE version: Java(TM) SE Runtime Environment (8.0_05-b13) (build 1.8.0_05-b13)
# Java VM: Java HotSpot(TM) Client VM (25.5-b02 mixed mode, sharing windows-x86 )
Heap:
 def new generation   total 18624K, used 1041K [0x04400000, 0x05830000, 0x09950000)
  eden space 16576K,   6% used [0x04400000, 0x045046e8, 0x05430000)
  from space 2048K,   0% used [0x05430000, 0x05430000, 0x05630000)
  to   space 2048K,   0% used [0x05630000, 0x05630000, 0x05830000)
 tenured generation   total 41216K, used 24728K [0x09950000, 0x0c190000, 0x14400000)
   the space 41216K,  59% used [0x09950000, 0x0b176350, 0x0b176400, 0x0c190000)
 Metaspace       used 2981K, capacity 3371K, committed 3392K, reserved 4480K
GC Heap History (10 events):
Event: 103.048 GC heap before
{Heap before GC invocations=83 (full 8):
 def new generation   total 11584K, used 10854K [0x04400000, 0x05090000, 0x09950000)
  eden space 10304K,  96% used [0x04400000, 0x04db80a0, 0x04e10000)
  from space 1280K,  70% used [0x04f50000, 0x050317d8, 0x05090000)
  to   space 1280K,   0% used [0x04e10000, 0x04e10000, 0x04f50000)
 tenured generation   total 25588K, used 23170K [0x09950000, 0x0b24d000, 0x14400000)
   the space 25588K,  90% used [0x09950000, 0x0aff0aa8, 0x0aff0c00, 0x0b24d000)
 Metaspace       used 2981K, capacity 3371K, committed 3392K, reserved 4480K
Event: 103.049 GC heap after
Heap after GC invocations=84 (full 8):
 def new generation   total 11584K, used 902K [0x04400000, 0x05090000, 0x09950000)
  eden space 10304K,   0% used [0x04400000, 0x04400000, 0x04e10000)
  from space 1280K,  70% used [0x04e10000, 0x04ef19d0, 0x04f50000)
  to   space 1280K,   0% used [0x04f50000, 0x04f50000, 0x05090000)
 tenured generation   total 25588K, used 23170K [0x09950000, 0x0b24d000, 0x14400000)
   the space 25588K,  90% used [0x09950000, 0x0aff0af8, 0x0aff0c00, 0x0b24d000)
 Metaspace       used 2981K, capacity 3371K, committed 3392K, reserved 4480K
}
Event: 104.456 GC heap before
{Heap before GC invocations=84 (full 8):
 def new generation   total 11584K, used 10439K [0x04400000, 0x05090000, 0x09950000)
  eden space 10304K,  92% used [0x04400000, 0x04d504d0, 0x04e10000)
  from space 1280K,  70% used [0x04e10000, 0x04ef19d0, 0x04f50000)
  to   space 1280K,   0% used [0x04f50000, 0x04f50000, 0x05090000)
 tenured generation   total 25588K, used 23170K [0x09950000, 0x0b24d000, 0x14400000)
   the space 25588K,  90% used [0x09950000, 0x0aff0af8, 0x0aff0c00, 0x0b24d000)
 Metaspace       used 2981K, capacity 3371K, committed 3392K, reserved 4480K
Event: 104.457 GC heap after
Heap after GC invocations=85 (full 8):
 def new generation   total 11584K, used 942K [0x04400000, 0x05090000, 0x09950000)
  eden space 10304K,   0% used [0x04400000, 0x04400000, 0x04e10000)
  from space 1280K,  73% used [0x04f50000, 0x0503b8b0, 0x05090000)
  to   space 1280K,   0% used [0x04e10000, 0x04e10000, 0x04f50000)
 tenured generation   total 25588K, used 23171K [0x09950000, 0x0b24d000, 0x14400000)
   the space 25588K,  90% used [0x09950000, 0x0aff0d40, 0x0aff0e00, 0x0b24d000)
 Metaspace       used 2981K, capacity 3371K, committed 3392K, reserved 4480K
}
Event: 105.304 GC heap before
{Heap before GC invocations=85 (full 8):
 def new generation   total 11584K, used 10999K [0x04400000, 0x05090000, 0x09950000)
  eden space 10304K,  97% used [0x04400000, 0x04dd23e8, 0x04e10000)
  from space 1280K,  73% used [0x04f50000, 0x0503b8b0, 0x05090000)
  to   space 1280K,   0% used [0x04e10000, 0x04e10000, 0x04f50000)
 tenured generation   total 25588K, used 23171K [0x09950000, 0x0b24d000, 0x14400000)
   the space 25588K,  90% used [0x09950000, 0x0aff0d40, 0x0aff0e00, 0x0b24d000)
 Metaspace       used 2981K, capacity 3371K, committed 3392K, reserved 4480K
Event: 105.307 GC heap after
Heap after GC invocations=86 (full 8):
 def new generation   total 11584K, used 917K [0x04400000, 0x05090000, 0x09950000)
  eden space 10304K,   0% used [0x04400000, 0x04400000, 0x04e10000)
  from space 1280K,  71% used [0x04e10000, 0x04ef5458, 0x04f50000)
  to   space 1280K,   0% used [0x04f50000, 0x04f50000, 0x05090000)
 tenured generation   total 25588K, used 25011K [0x09950000, 0x0b24d000, 0x14400000)
   the space 25588K,  97% used [0x09950000, 0x0b1bce20, 0x0b1bd000, 0x0b24d000)
 Metaspace       used 2981K, capacity 3371K, committed 3392K, reserved 4480K
}
Event: 106.152 GC heap before
{Heap before GC invocations=86 (full 8):
 def new generation   total 11584K, used 10939K [0x04400000, 0x05090000, 0x09950000)
  eden space 10304K,  97% used [0x04400000, 0x04dc98f8, 0x04e10000)
  from space 1280K,  71% used [0x04e10000, 0x04ef5458, 0x04f50000)
  to   space 1280K,   0% used [0x04f50000, 0x04f50000, 0x05090000)
 tenured generation   total 25588K, used 25011K [0x09950000, 0x0b24d000, 0x14400000)
   the space 25588K,  97% used [0x09950000, 0x0b1bce20, 0x0b1bd000, 0x0b24d000)
 Metaspace       used 2981K, capacity 3371K, committed 3392K, reserved 4480K
Event: 106.153 GC heap after
Heap after GC invocations=87 (full 8):
 def new generation   total 11584K, used 916K [0x04400000, 0x05090000, 0x09950000)
  eden space 10304K,   0% used [0x04400000, 0x04400000, 0x04e10000)
  from space 1280K,  71% used [0x04f50000, 0x05035078, 0x05090000)
  to   space 1280K,   0% used [0x04e10000, 0x04e10000, 0x04f50000)
 tenured generation   total 25588K, used 25026K [0x09950000, 0x0b24d000, 0x14400000)
   the space 25588K,  97% used [0x09950000, 0x0b1c0970, 0x0b1c0a00, 0x0b24d000)
 Metaspace       used 2981K, capacity 3371K, committed 3392K, reserved 4480K
}
Event: 106.872 GC heap before
{Heap before GC invocations=87 (full 8):
 def new generation   total 11584K, used 10872K [0x04400000, 0x05090000, 0x09950000)
  eden space 10304K,  96% used [0x04400000, 0x04db92c0, 0x04e10000)
  from space 1280K,  71% used [0x04f50000, 0x05035078, 0x05090000)
  to   space 1280K,   0% used [0x04e10000, 0x04e10000, 0x04f50000)
 tenured generation   total 25588K, used 25026K [0x09950000, 0x0b24d000, 0x14400000)
   the space 25588K,  97% used [0x09950000, 0x0b1c0970, 0x0b1c0a00, 0x0b24d000)
 Metaspace       used 2981K, capacity 3371K, committed 3392K, reserved 4480K
Event: 106.922 GC heap after
Heap after GC invocations=88 (full 9):
 def new generation   total 18624K, used 0K [0x04400000, 0x05830000, 0x09950000)
  eden space 16576K,   0% used [0x04400000, 0x04400000, 0x05430000)
  from space 2048K,   0% used [0x05430000, 0x05430000, 0x05630000)
  to   space 2048K,   0% used [0x05630000, 0x05630000, 0x05830000)
 tenured generation   total 41216K, used 24728K [0x09950000, 0x0c190000, 0x14400000)
   the space 41216K,  59% used [0x09950000, 0x0b176350, 0x0b176400, 0x0c190000)
 Metaspace       used 2981K, capacity 3371K, committed 3392K, reserved 4480K
}

