# JRE version: 7.0_15-b03
# Java VM: Java HotSpot(TM) 64-Bit Server VM (23.7-b01 mixed mode windows-amd64 compressed oops)
Heap
 PSYoungGen      total 12672K, used 1113K [0x00000000e0400000, 0x00000000e1630000, 0x0000000100000000)
  eden space 9792K, 11% used [0x00000000e0400000,0x00000000e0516610,0x00000000e0d90000)
  from space 2880K, 0% used [0x00000000e0db0000,0x00000000e0db0000,0x00000000e1080000)
  to   space 4416K, 0% used [0x00000000e11e0000,0x00000000e11e0000,0x00000000e1630000)
 ParOldGen       total 35712K, used 12070K [0x00000000a0c00000, 0x00000000a2ee0000, 0x00000000e0400000)
  object space 35712K, 33% used [0x00000000a0c00000,0x00000000a17c9818,0x00000000a2ee0000)
 PSPermGen       total 41856K, used 20763K [0x000000009ba00000, 0x000000009e2e0000, 0x00000000a0c00000)
  object space 41856K, 49% used [0x000000009ba00000,0x000000009ce46e78,0x000000009e2e0000)
GC Heap History (10 events):
Event: 99.280 GC heap before
{Heap before GC invocations=270 (full 0):
 PSYoungGen      total 14592K, used 12795K [0x00000000e0400000, 0x00000000e18a0000, 0x0000000100000000)
  eden space 10304K, 96% used [0x00000000e0400000,0x00000000e0db3d28,0x00000000e0e10000)
  from space 4288K, 66% used [0x00000000e0e10000,0x00000000e10db030,0x00000000e1240000)
  to   space 4352K, 0% used [0x00000000e1460000,0x00000000e1460000,0x00000000e18a0000)
 ParOldGen       total 69824K, used 69679K [0x00000000a0c00000, 0x00000000a5030000, 0x00000000e0400000)
  object space 69824K, 99% used [0x00000000a0c00000,0x00000000a500bdf8,0x00000000a5030000)
 PSPermGen       total 21248K, used 20773K [0x000000009ba00000, 0x000000009cec0000, 0x00000000a0c00000)
  object space 21248K, 97% used [0x000000009ba00000,0x000000009ce497e0,0x000000009cec0000)
Event: 99.283 GC heap after
Heap after GC invocations=270 (full 0):
 PSYoungGen      total 13056K, used 2828K [0x00000000e0400000, 0x00000000e1730000, 0x0000000100000000)
  eden space 10176K, 0% used [0x00000000e0400000,0x00000000e0400000,0x00000000e0df0000)
  from space 2880K, 98% used [0x00000000e1460000,0x00000000e1723030,0x00000000e1730000)
  to   space 4416K, 0% used [0x00000000e0e90000,0x00000000e0e90000,0x00000000e12e0000)
 ParOldGen       total 69824K, used 69700K [0x00000000a0c00000, 0x00000000a5030000, 0x00000000e0400000)
  object space 69824K, 99% used [0x00000000a0c00000,0x00000000a50113a8,0x00000000a5030000)
 PSPermGen       total 21248K, used 20773K [0x000000009ba00000, 0x000000009cec0000, 0x00000000a0c00000)
  object space 21248K, 97% used [0x000000009ba00000,0x000000009ce497e0,0x000000009cec0000)
}
Event: 99.695 GC heap before
{Heap before GC invocations=271 (full 0):
 PSYoungGen      total 13056K, used 12761K [0x00000000e0400000, 0x00000000e1730000, 0x0000000100000000)
  eden space 10176K, 97% used [0x00000000e0400000,0x00000000e0db3788,0x00000000e0df0000)
  from space 2880K, 98% used [0x00000000e1460000,0x00000000e1723030,0x00000000e1730000)
  to   space 4416K, 0% used [0x00000000e0e90000,0x00000000e0e90000,0x00000000e12e0000)
 ParOldGen       total 69824K, used 69700K [0x00000000a0c00000, 0x00000000a5030000, 0x00000000e0400000)
  object space 69824K, 99% used [0x00000000a0c00000,0x00000000a50113a8,0x00000000a5030000)
 PSPermGen       total 21248K, used 20773K [0x000000009ba00000, 0x000000009cec0000, 0x00000000a0c00000)
  object space 21248K, 97% used [0x000000009ba00000,0x000000009ce497e0,0x000000009cec0000)
Event: 99.697 GC heap after
Heap after GC invocations=271 (full 0):
 PSYoungGen      total 12928K, used 2860K [0x00000000e0400000, 0x00000000e1670000, 0x0000000100000000)
  eden space 10048K, 0% used [0x00000000e0400000,0x00000000e0400000,0x00000000e0dd0000)
  from space 2880K, 99% used [0x00000000e0e90000,0x00000000e115b030,0x00000000e1160000)
  to   space 4416K, 0% used [0x00000000e1220000,0x00000000e1220000,0x00000000e1670000)
 ParOldGen       total 69824K, used 69730K [0x00000000a0c00000, 0x00000000a5030000, 0x00000000e0400000)
  object space 69824K, 99% used [0x00000000a0c00000,0x00000000a5018958,0x00000000a5030000)
 PSPermGen       total 21248K, used 20773K [0x000000009ba00000, 0x000000009cec0000, 0x00000000a0c00000)
  object space 21248K, 97% used [0x000000009ba00000,0x000000009ce497e0,0x000000009cec0000)
}
Event: 100.112 GC heap before
{Heap before GC invocations=272 (full 0):
 PSYoungGen      total 12928K, used 12794K [0x00000000e0400000, 0x00000000e1670000, 0x0000000100000000)
  eden space 10048K, 98% used [0x00000000e0400000,0x00000000e0db3a38,0x00000000e0dd0000)
  from space 2880K, 99% used [0x00000000e0e90000,0x00000000e115b030,0x00000000e1160000)
  to   space 4416K, 0% used [0x00000000e1220000,0x00000000e1220000,0x00000000e1670000)
 ParOldGen       total 69824K, used 69730K [0x00000000a0c00000, 0x00000000a5030000, 0x00000000e0400000)
  object space 69824K, 99% used [0x00000000a0c00000,0x00000000a5018958,0x00000000a5030000)
 PSPermGen       total 21248K, used 20774K [0x000000009ba00000, 0x000000009cec0000, 0x00000000a0c00000)
  object space 21248K, 97% used [0x000000009ba00000,0x000000009ce49820,0x000000009cec0000)
Event: 100.114 GC heap after
Heap after GC invocations=272 (full 0):
 PSYoungGen      total 14208K, used 2860K [0x00000000e0400000, 0x00000000e1650000, 0x0000000100000000)
  eden space 9920K, 0% used [0x00000000e0400000,0x00000000e0400000,0x00000000e0db0000)
  from space 4288K, 66% used [0x00000000e1220000,0x00000000e14eb030,0x00000000e1650000)
  to   space 4416K, 0% used [0x00000000e0db0000,0x00000000e0db0000,0x00000000e1200000)
 ParOldGen       total 69824K, used 69751K [0x00000000a0c00000, 0x00000000a5030000, 0x00000000e0400000)
  object space 69824K, 99% used [0x00000000a0c00000,0x00000000a501df08,0x00000000a5030000)
 PSPermGen       total 21248K, used 20774K [0x000000009ba00000, 0x000000009cec0000, 0x00000000a0c00000)
  object space 21248K, 97% used [0x000000009ba00000,0x000000009ce49820,0x000000009cec0000)
}
Event: 100.494 GC heap before
{Heap before GC invocations=273 (full 0):
 PSYoungGen      total 14208K, used 12780K [0x00000000e0400000, 0x00000000e1650000, 0x0000000100000000)
  eden space 9920K, 100% used [0x00000000e0400000,0x00000000e0db0000,0x00000000e0db0000)
  from space 4288K, 66% used [0x00000000e1220000,0x00000000e14eb030,0x00000000e1650000)
  to   space 4416K, 0% used [0x00000000e0db0000,0x00000000e0db0000,0x00000000e1200000)
 ParOldGen       total 69824K, used 69751K [0x00000000a0c00000, 0x00000000a5030000, 0x00000000e0400000)
  object space 69824K, 99% used [0x00000000a0c00000,0x00000000a501df08,0x00000000a5030000)
 PSPermGen       total 21248K, used 20774K [0x000000009ba00000, 0x000000009cec0000, 0x00000000a0c00000)
  object space 21248K, 97% used [0x000000009ba00000,0x000000009ce49820,0x000000009cec0000)
Event: 100.495 GC heap after
Heap after GC invocations=273 (full 0):
 PSYoungGen      total 12672K, used 2828K [0x00000000e0400000, 0x00000000e1630000, 0x0000000100000000)
  eden space 9792K, 0% used [0x00000000e0400000,0x00000000e0400000,0x00000000e0d90000)
  from space 2880K, 98% used [0x00000000e0db0000,0x00000000e1073030,0x00000000e1080000)
  to   space 4416K, 0% used [0x00000000e11e0000,0x00000000e11e0000,0x00000000e1630000)
 ParOldGen       total 69824K, used 69773K [0x00000000a0c00000, 0x00000000a5030000, 0x00000000e0400000)
  object space 69824K, 99% used [0x00000000a0c00000,0x00000000a50234b8,0x00000000a5030000)
 PSPermGen       total 21248K, used 20774K [0x000000009ba00000, 0x000000009cec0000, 0x00000000a0c00000)
  object space 21248K, 97% used [0x000000009ba00000,0x000000009ce49820,0x000000009cec0000)
}
Event: 100.495 GC heap before
{Heap before GC invocations=274 (full 1):
 PSYoungGen      total 12672K, used 2828K [0x00000000e0400000, 0x00000000e1630000, 0x0000000100000000)
  eden space 9792K, 0% used [0x00000000e0400000,0x00000000e0400000,0x00000000e0d90000)
  from space 2880K, 98% used [0x00000000e0db0000,0x00000000e1073030,0x00000000e1080000)
  to   space 4416K, 0% used [0x00000000e11e0000,0x00000000e11e0000,0x00000000e1630000)
 ParOldGen       total 69824K, used 69773K [0x00000000a0c00000, 0x00000000a5030000, 0x00000000e0400000)
  object space 69824K, 99% used [0x00000000a0c00000,0x00000000a50234b8,0x00000000a5030000)
 PSPermGen       total 21248K, used 20774K [0x000000009ba00000, 0x000000009cec0000, 0x00000000a0c00000)
  object space 21248K, 97% used [0x000000009ba00000,0x000000009ce49820,0x000000009cec0000)
Event: 100.626 GC heap after
Heap after GC invocations=274 (full 1):
 PSYoungGen      total 12672K, used 0K [0x00000000e0400000, 0x00000000e1630000, 0x0000000100000000)
  eden space 9792K, 0% used [0x00000000e0400000,0x00000000e0400000,0x00000000e0d90000)
  from space 2880K, 0% used [0x00000000e0db0000,0x00000000e0db0000,0x00000000e1080000)
  to   space 4416K, 0% used [0x00000000e11e0000,0x00000000e11e0000,0x00000000e1630000)
 ParOldGen       total 35712K, used 12070K [0x00000000a0c00000, 0x00000000a2ee0000, 0x00000000e0400000)
  object space 35712K, 33% used [0x00000000a0c00000,0x00000000a17c9818,0x00000000a2ee0000)
 PSPermGen       total 41856K, used 20763K [0x000000009ba00000, 0x000000009e2e0000, 0x00000000a0c00000)
  object space 41856K, 49% used [0x000000009ba00000,0x000000009ce46e78,0x000000009e2e0000)
}

