# JRE version: 7.0_15-b03
# Java VM: Java HotSpot(TM) 64-Bit Server VM (23.7-b01 mixed mode windows-amd64 compressed oops)
Heap
 PSYoungGen      total 11776K, used 2034K [0x00000000e0400000, 0x00000000e1580000, 0x0000000100000000)
  eden space 7552K, 26% used [0x00000000e0400000,0x00000000e05fc800,0x00000000e0b60000)
  from space 4224K, 0% used [0x00000000e0b60000,0x00000000e0b60000,0x00000000e0f80000)
  to   space 4416K, 0% used [0x00000000e1130000,0x00000000e1130000,0x00000000e1580000)
 ParOldGen       total 38016K, used 9570K [0x00000000a0c00000, 0x00000000a3120000, 0x00000000e0400000)
  object space 38016K, 25% used [0x00000000a0c00000,0x00000000a1558958,0x00000000a3120000)
 PSPermGen       total 33536K, used 16482K [0x000000009ba00000, 0x000000009dac0000, 0x00000000a0c00000)
  object space 33536K, 49% used [0x000000009ba00000,0x000000009ca18940,0x000000009dac0000)
GC Heap History (10 events):
Event: 106.064 GC heap before
{Heap before GC invocations=344 (full 0):
 PSYoungGen      total 11136K, used 10738K [0x00000000e0400000, 0x00000000e14b0000, 0x0000000100000000)
  eden space 7296K, 95% used [0x00000000e0400000,0x00000000e0ad0938,0x00000000e0b20000)
  from space 3840K, 97% used [0x00000000e0b20000,0x00000000e0ecc040,0x00000000e0ee0000)
  to   space 4160K, 0% used [0x00000000e10a0000,0x00000000e10a0000,0x00000000e14b0000)
 ParOldGen       total 65024K, used 56028K [0x00000000a0c00000, 0x00000000a4b80000, 0x00000000e0400000)
  object space 65024K, 86% used [0x00000000a0c00000,0x00000000a42b7340,0x00000000a4b80000)
 PSPermGen       total 21248K, used 16487K [0x000000009ba00000, 0x000000009cec0000, 0x00000000a0c00000)
  object space 21248K, 77% used [0x000000009ba00000,0x000000009ca19d90,0x000000009cec0000)
Event: 106.066 GC heap after
Heap after GC invocations=344 (full 0):
 PSYoungGen      total 10112K, used 2860K [0x00000000e0400000, 0x00000000e1370000, 0x0000000100000000)
  eden space 7232K, 0% used [0x00000000e0400000,0x00000000e0400000,0x00000000e0b10000)
  from space 2880K, 99% used [0x00000000e10a0000,0x00000000e136b030,0x00000000e1370000)
  to   space 4096K, 0% used [0x00000000e0b70000,0x00000000e0b70000,0x00000000e0f70000)
 ParOldGen       total 65024K, used 56058K [0x00000000a0c00000, 0x00000000a4b80000, 0x00000000e0400000)
  object space 65024K, 86% used [0x00000000a0c00000,0x00000000a42be8f0,0x00000000a4b80000)
 PSPermGen       total 21248K, used 16487K [0x000000009ba00000, 0x000000009cec0000, 0x00000000a0c00000)
  object space 21248K, 77% used [0x000000009ba00000,0x000000009ca19d90,0x000000009cec0000)
}
Event: 106.177 GC heap before
{Heap before GC invocations=345 (full 0):
 PSYoungGen      total 10112K, used 9506K [0x00000000e0400000, 0x00000000e1370000, 0x0000000100000000)
  eden space 7232K, 91% used [0x00000000e0400000,0x00000000e0a7da90,0x00000000e0b10000)
  from space 2880K, 99% used [0x00000000e10a0000,0x00000000e136b030,0x00000000e1370000)
  to   space 4096K, 0% used [0x00000000e0b70000,0x00000000e0b70000,0x00000000e0f70000)
 ParOldGen       total 65024K, used 56058K [0x00000000a0c00000, 0x00000000a4b80000, 0x00000000e0400000)
  object space 65024K, 86% used [0x00000000a0c00000,0x00000000a42be8f0,0x00000000a4b80000)
 PSPermGen       total 21248K, used 16489K [0x000000009ba00000, 0x000000009cec0000, 0x00000000a0c00000)
  object space 21248K, 77% used [0x000000009ba00000,0x000000009ca1a760,0x000000009cec0000)
Event: 106.178 GC heap after
Heap after GC invocations=345 (full 0):
 PSYoungGen      total 11712K, used 3760K [0x00000000e0400000, 0x00000000e1500000, 0x0000000100000000)
  eden space 7616K, 0% used [0x00000000e0400000,0x00000000e0400000,0x00000000e0b70000)
  from space 4096K, 91% used [0x00000000e0b70000,0x00000000e0f1c040,0x00000000e0f70000)
  to   space 4352K, 0% used [0x00000000e10c0000,0x00000000e10c0000,0x00000000e1500000)
 ParOldGen       total 65024K, used 56979K [0x00000000a0c00000, 0x00000000a4b80000, 0x00000000e0400000)
  object space 65024K, 87% used [0x00000000a0c00000,0x00000000a43a4eb0,0x00000000a4b80000)
 PSPermGen       total 21248K, used 16489K [0x000000009ba00000, 0x000000009cec0000, 0x00000000a0c00000)
  object space 21248K, 77% used [0x000000009ba00000,0x000000009ca1a760,0x000000009cec0000)
}
Event: 106.352 GC heap before
{Heap before GC invocations=346 (full 0):
 PSYoungGen      total 11712K, used 10656K [0x00000000e0400000, 0x00000000e1500000, 0x0000000100000000)
  eden space 7616K, 90% used [0x00000000e0400000,0x00000000e0abc270,0x00000000e0b70000)
  from space 4096K, 91% used [0x00000000e0b70000,0x00000000e0f1c040,0x00000000e0f70000)
  to   space 4352K, 0% used [0x00000000e10c0000,0x00000000e10c0000,0x00000000e1500000)
 ParOldGen       total 65024K, used 56979K [0x00000000a0c00000, 0x00000000a4b80000, 0x00000000e0400000)
  object space 65024K, 87% used [0x00000000a0c00000,0x00000000a43a4eb0,0x00000000a4b80000)
 PSPermGen       total 21248K, used 16490K [0x000000009ba00000, 0x000000009cec0000, 0x00000000a0c00000)
  object space 21248K, 77% used [0x000000009ba00000,0x000000009ca1aab0,0x000000009cec0000)
Event: 106.353 GC heap after
Heap after GC invocations=346 (full 0):
 PSYoungGen      total 10496K, used 2860K [0x00000000e0400000, 0x00000000e13a0000, 0x0000000100000000)
  eden space 7552K, 0% used [0x00000000e0400000,0x00000000e0400000,0x00000000e0b60000)
  from space 2944K, 97% used [0x00000000e10c0000,0x00000000e138b030,0x00000000e13a0000)
  to   space 4224K, 0% used [0x00000000e0b60000,0x00000000e0b60000,0x00000000e0f80000)
 ParOldGen       total 65024K, used 57009K [0x00000000a0c00000, 0x00000000a4b80000, 0x00000000e0400000)
  object space 65024K, 87% used [0x00000000a0c00000,0x00000000a43ac460,0x00000000a4b80000)
 PSPermGen       total 21248K, used 16490K [0x000000009ba00000, 0x000000009cec0000, 0x00000000a0c00000)
  object space 21248K, 77% used [0x000000009ba00000,0x000000009ca1aab0,0x000000009cec0000)
}
Event: 106.487 GC heap before
{Heap before GC invocations=347 (full 0):
 PSYoungGen      total 10496K, used 10412K [0x00000000e0400000, 0x00000000e13a0000, 0x0000000100000000)
  eden space 7552K, 100% used [0x00000000e0400000,0x00000000e0b60000,0x00000000e0b60000)
  from space 2944K, 97% used [0x00000000e10c0000,0x00000000e138b030,0x00000000e13a0000)
  to   space 4224K, 0% used [0x00000000e0b60000,0x00000000e0b60000,0x00000000e0f80000)
 ParOldGen       total 65024K, used 57009K [0x00000000a0c00000, 0x00000000a4b80000, 0x00000000e0400000)
  object space 65024K, 87% used [0x00000000a0c00000,0x00000000a43ac490,0x00000000a4b80000)
 PSPermGen       total 21248K, used 16490K [0x000000009ba00000, 0x000000009cec0000, 0x00000000a0c00000)
  object space 21248K, 77% used [0x000000009ba00000,0x000000009ca1aab0,0x000000009cec0000)
Event: 106.489 GC heap after
Heap after GC invocations=347 (full 0):
 PSYoungGen      total 11776K, used 3696K [0x00000000e0400000, 0x00000000e1580000, 0x0000000100000000)
  eden space 7552K, 0% used [0x00000000e0400000,0x00000000e0400000,0x00000000e0b60000)
  from space 4224K, 87% used [0x00000000e0b60000,0x00000000e0efc040,0x00000000e0f80000)
  to   space 4416K, 0% used [0x00000000e1130000,0x00000000e1130000,0x00000000e1580000)
 ParOldGen       total 65024K, used 57030K [0x00000000a0c00000, 0x00000000a4b80000, 0x00000000e0400000)
  object space 65024K, 87% used [0x00000000a0c00000,0x00000000a43b1a40,0x00000000a4b80000)
 PSPermGen       total 21248K, used 16490K [0x000000009ba00000, 0x000000009cec0000, 0x00000000a0c00000)
  object space 21248K, 77% used [0x000000009ba00000,0x000000009ca1aab0,0x000000009cec0000)
}
Event: 106.812 GC heap before
{Heap before GC invocations=348 (full 1):
 PSYoungGen      total 11776K, used 11248K [0x00000000e0400000, 0x00000000e1580000, 0x0000000100000000)
  eden space 7552K, 100% used [0x00000000e0400000,0x00000000e0b60000,0x00000000e0b60000)
  from space 4224K, 87% used [0x00000000e0b60000,0x00000000e0efc040,0x00000000e0f80000)
  to   space 4416K, 0% used [0x00000000e1130000,0x00000000e1130000,0x00000000e1580000)
 ParOldGen       total 65984K, used 65145K [0x00000000a0c00000, 0x00000000a4c70000, 0x00000000e0400000)
  object space 65984K, 98% used [0x00000000a0c00000,0x00000000a4b9e480,0x00000000a4c70000)
 PSPermGen       total 21248K, used 16490K [0x000000009ba00000, 0x000000009cec0000, 0x00000000a0c00000)
  object space 21248K, 77% used [0x000000009ba00000,0x000000009ca1aab0,0x000000009cec0000)
Event: 106.970 GC heap after
Heap after GC invocations=348 (full 1):
 PSYoungGen      total 11776K, used 0K [0x00000000e0400000, 0x00000000e1580000, 0x0000000100000000)
  eden space 7552K, 0% used [0x00000000e0400000,0x00000000e0400000,0x00000000e0b60000)
  from space 4224K, 0% used [0x00000000e0b60000,0x00000000e0b60000,0x00000000e0f80000)
  to   space 4416K, 0% used [0x00000000e1130000,0x00000000e1130000,0x00000000e1580000)
 ParOldGen       total 38016K, used 9570K [0x00000000a0c00000, 0x00000000a3120000, 0x00000000e0400000)
  object space 38016K, 25% used [0x00000000a0c00000,0x00000000a1558958,0x00000000a3120000)
 PSPermGen       total 33536K, used 16482K [0x000000009ba00000, 0x000000009dac0000, 0x00000000a0c00000)
  object space 33536K, 49% used [0x000000009ba00000,0x000000009ca18940,0x000000009dac0000)
}

