# JRE version: 7.0_15-b03
# Java VM: Java HotSpot(TM) 64-Bit Server VM (23.7-b01 mixed mode windows-amd64 compressed oops)
Heap
 PSYoungGen      total 14912K, used 1084K [0x00000000e0400000, 0x00000000e1950000, 0x0000000100000000)
  eden space 8128K, 13% used [0x00000000e0400000,0x00000000e050f010,0x00000000e0bf0000)
  from space 6784K, 0% used [0x00000000e12b0000,0x00000000e12b0000,0x00000000e1950000)
  to   space 6848K, 0% used [0x00000000e0bf0000,0x00000000e0bf0000,0x00000000e12a0000)
 ParOldGen       total 33472K, used 9864K [0x00000000a0c00000, 0x00000000a2cb0000, 0x00000000e0400000)
  object space 33472K, 29% used [0x00000000a0c00000,0x00000000a15a22f8,0x00000000a2cb0000)
 PSPermGen       total 29120K, used 14426K [0x000000009ba00000, 0x000000009d670000, 0x00000000a0c00000)
  object space 29120K, 49% used [0x000000009ba00000,0x000000009c8168f8,0x000000009d670000)
GC Heap History (10 events):
Event: 86.742 GC heap before
{Heap before GC invocations=231 (full 0):
 PSYoungGen      total 14976K, used 11562K [0x00000000e0400000, 0x00000000e19b0000, 0x0000000100000000)
  eden space 8384K, 93% used [0x00000000e0400000,0x00000000e0b9ea30,0x00000000e0c30000)
  from space 6592K, 57% used [0x00000000e1340000,0x00000000e16ec040,0x00000000e19b0000)
  to   space 6912K, 0% used [0x00000000e0c30000,0x00000000e0c30000,0x00000000e12f0000)
 ParOldGen       total 66944K, used 66738K [0x00000000a0c00000, 0x00000000a4d60000, 0x00000000e0400000)
  object space 66944K, 99% used [0x00000000a0c00000,0x00000000a4d2c9a0,0x00000000a4d60000)
 PSPermGen       total 21248K, used 14432K [0x000000009ba00000, 0x000000009cec0000, 0x00000000a0c00000)
  object space 21248K, 67% used [0x000000009ba00000,0x000000009c818080,0x000000009cec0000)
Event: 86.743 GC heap after
Heap after GC invocations=231 (full 0):
 PSYoungGen      total 15232K, used 4660K [0x00000000e0400000, 0x00000000e19e0000, 0x0000000100000000)
  eden space 8320K, 0% used [0x00000000e0400000,0x00000000e0400000,0x00000000e0c20000)
  from space 6912K, 67% used [0x00000000e0c30000,0x00000000e10bd050,0x00000000e12f0000)
  to   space 7040K, 0% used [0x00000000e1300000,0x00000000e1300000,0x00000000e19e0000)
 ParOldGen       total 66944K, used 66781K [0x00000000a0c00000, 0x00000000a4d60000, 0x00000000e0400000)
  object space 66944K, 99% used [0x00000000a0c00000,0x00000000a4d37500,0x00000000a4d60000)
 PSPermGen       total 21248K, used 14432K [0x000000009ba00000, 0x000000009cec0000, 0x00000000a0c00000)
  object space 21248K, 67% used [0x000000009ba00000,0x000000009c818080,0x000000009cec0000)
}
Event: 86.902 GC heap before
{Heap before GC invocations=232 (full 0):
 PSYoungGen      total 15232K, used 12303K [0x00000000e0400000, 0x00000000e19e0000, 0x0000000100000000)
  eden space 8320K, 91% used [0x00000000e0400000,0x00000000e0b76ef0,0x00000000e0c20000)
  from space 6912K, 67% used [0x00000000e0c30000,0x00000000e10bd050,0x00000000e12f0000)
  to   space 7040K, 0% used [0x00000000e1300000,0x00000000e1300000,0x00000000e19e0000)
 ParOldGen       total 66944K, used 66781K [0x00000000a0c00000, 0x00000000a4d60000, 0x00000000e0400000)
  object space 66944K, 99% used [0x00000000a0c00000,0x00000000a4d37500,0x00000000a4d60000)
 PSPermGen       total 21248K, used 14432K [0x000000009ba00000, 0x000000009cec0000, 0x00000000a0c00000)
  object space 21248K, 67% used [0x000000009ba00000,0x000000009c8181d8,0x000000009cec0000)
Event: 86.903 GC heap after
Heap after GC invocations=232 (full 0):
 PSYoungGen      total 15296K, used 4660K [0x00000000e0400000, 0x00000000e19f0000, 0x0000000100000000)
  eden space 8256K, 0% used [0x00000000e0400000,0x00000000e0400000,0x00000000e0c10000)
  from space 7040K, 66% used [0x00000000e1300000,0x00000000e178d050,0x00000000e19e0000)
  to   space 7104K, 0% used [0x00000000e0c10000,0x00000000e0c10000,0x00000000e1300000)
 ParOldGen       total 66944K, used 66810K [0x00000000a0c00000, 0x00000000a4d60000, 0x00000000e0400000)
  object space 66944K, 99% used [0x00000000a0c00000,0x00000000a4d3eab0,0x00000000a4d60000)
 PSPermGen       total 21248K, used 14432K [0x000000009ba00000, 0x000000009cec0000, 0x00000000a0c00000)
  object space 21248K, 67% used [0x000000009ba00000,0x000000009c8181d8,0x000000009cec0000)
}
Event: 87.062 GC heap before
{Heap before GC invocations=233 (full 0):
 PSYoungGen      total 15296K, used 12382K [0x00000000e0400000, 0x00000000e19f0000, 0x0000000100000000)
  eden space 8256K, 93% used [0x00000000e0400000,0x00000000e0b8aaa0,0x00000000e0c10000)
  from space 7040K, 66% used [0x00000000e1300000,0x00000000e178d050,0x00000000e19e0000)
  to   space 7104K, 0% used [0x00000000e0c10000,0x00000000e0c10000,0x00000000e1300000)
 ParOldGen       total 66944K, used 66810K [0x00000000a0c00000, 0x00000000a4d60000, 0x00000000e0400000)
  object space 66944K, 99% used [0x00000000a0c00000,0x00000000a4d3eab0,0x00000000a4d60000)
 PSPermGen       total 21248K, used 14432K [0x000000009ba00000, 0x000000009cec0000, 0x00000000a0c00000)
  object space 21248K, 67% used [0x000000009ba00000,0x000000009c818378,0x000000009cec0000)
Event: 87.063 GC heap after
Heap after GC invocations=233 (full 0):
 PSYoungGen      total 11968K, used 3760K [0x00000000e0400000, 0x00000000e1960000, 0x0000000100000000)
  eden space 8192K, 0% used [0x00000000e0400000,0x00000000e0400000,0x00000000e0c00000)
  from space 3776K, 99% used [0x00000000e0c10000,0x00000000e0fbc040,0x00000000e0fc0000)
  to   space 6848K, 0% used [0x00000000e12b0000,0x00000000e12b0000,0x00000000e1960000)
 ParOldGen       total 66944K, used 66845K [0x00000000a0c00000, 0x00000000a4d60000, 0x00000000e0400000)
  object space 66944K, 99% used [0x00000000a0c00000,0x00000000a4d47610,0x00000000a4d60000)
 PSPermGen       total 21248K, used 14432K [0x000000009ba00000, 0x000000009cec0000, 0x00000000a0c00000)
  object space 21248K, 67% used [0x000000009ba00000,0x000000009c818378,0x000000009cec0000)
}
Event: 87.238 GC heap before
{Heap before GC invocations=234 (full 0):
 PSYoungGen      total 11968K, used 11570K [0x00000000e0400000, 0x00000000e1960000, 0x0000000100000000)
  eden space 8192K, 95% used [0x00000000e0400000,0x00000000e0ba0900,0x00000000e0c00000)
  from space 3776K, 99% used [0x00000000e0c10000,0x00000000e0fbc040,0x00000000e0fc0000)
  to   space 6848K, 0% used [0x00000000e12b0000,0x00000000e12b0000,0x00000000e1960000)
 ParOldGen       total 66944K, used 66845K [0x00000000a0c00000, 0x00000000a4d60000, 0x00000000e0400000)
  object space 66944K, 99% used [0x00000000a0c00000,0x00000000a4d47610,0x00000000a4d60000)
 PSPermGen       total 21248K, used 14432K [0x000000009ba00000, 0x000000009cec0000, 0x00000000a0c00000)
  object space 21248K, 67% used [0x000000009ba00000,0x000000009c818378,0x000000009cec0000)
Event: 87.239 GC heap after
Heap after GC invocations=234 (full 0):
 PSYoungGen      total 14912K, used 4660K [0x00000000e0400000, 0x00000000e1950000, 0x0000000100000000)
  eden space 8128K, 0% used [0x00000000e0400000,0x00000000e0400000,0x00000000e0bf0000)
  from space 6784K, 68% used [0x00000000e12b0000,0x00000000e173d050,0x00000000e1950000)
  to   space 6848K, 0% used [0x00000000e0bf0000,0x00000000e0bf0000,0x00000000e12a0000)
 ParOldGen       total 66944K, used 66874K [0x00000000a0c00000, 0x00000000a4d60000, 0x00000000e0400000)
  object space 66944K, 99% used [0x00000000a0c00000,0x00000000a4d4ebc0,0x00000000a4d60000)
 PSPermGen       total 21248K, used 14432K [0x000000009ba00000, 0x000000009cec0000, 0x00000000a0c00000)
  object space 21248K, 67% used [0x000000009ba00000,0x000000009c818378,0x000000009cec0000)
}
Event: 87.239 GC heap before
{Heap before GC invocations=235 (full 1):
 PSYoungGen      total 14912K, used 4660K [0x00000000e0400000, 0x00000000e1950000, 0x0000000100000000)
  eden space 8128K, 0% used [0x00000000e0400000,0x00000000e0400000,0x00000000e0bf0000)
  from space 6784K, 68% used [0x00000000e12b0000,0x00000000e173d050,0x00000000e1950000)
  to   space 6848K, 0% used [0x00000000e0bf0000,0x00000000e0bf0000,0x00000000e12a0000)
 ParOldGen       total 66944K, used 66874K [0x00000000a0c00000, 0x00000000a4d60000, 0x00000000e0400000)
  object space 66944K, 99% used [0x00000000a0c00000,0x00000000a4d4ebc0,0x00000000a4d60000)
 PSPermGen       total 21248K, used 14432K [0x000000009ba00000, 0x000000009cec0000, 0x00000000a0c00000)
  object space 21248K, 67% used [0x000000009ba00000,0x000000009c818378,0x000000009cec0000)
Event: 87.324 GC heap after
Heap after GC invocations=235 (full 1):
 PSYoungGen      total 14912K, used 0K [0x00000000e0400000, 0x00000000e1950000, 0x0000000100000000)
  eden space 8128K, 0% used [0x00000000e0400000,0x00000000e0400000,0x00000000e0bf0000)
  from space 6784K, 0% used [0x00000000e12b0000,0x00000000e12b0000,0x00000000e1950000)
  to   space 6848K, 0% used [0x00000000e0bf0000,0x00000000e0bf0000,0x00000000e12a0000)
 ParOldGen       total 33472K, used 9864K [0x00000000a0c00000, 0x00000000a2cb0000, 0x00000000e0400000)
  object space 33472K, 29% used [0x00000000a0c00000,0x00000000a15a22f8,0x00000000a2cb0000)
 PSPermGen       total 29120K, used 14425K [0x000000009ba00000, 0x000000009d670000, 0x00000000a0c00000)
  object space 29120K, 49% used [0x000000009ba00000,0x000000009c8165a0,0x000000009d670000)
}

